  [1m[35m (160.2ms)[0m  [1m[35mCREATE DATABASE "MusicApp_development" ENCODING = 'unicode'[0m
  ↳ bin/rails:9
  [1m[35m (102.7ms)[0m  [1m[35mCREATE DATABASE "MusicApp_test" ENCODING = 'unicode'[0m
  ↳ bin/rails:9
  [1m[35m (12.3ms)[0m  [1m[35mCREATE TABLE "schema_migrations" ("version" character varying NOT NULL PRIMARY KEY)[0m
  ↳ bin/rails:9
  [1m[35m (8.1ms)[0m  [1m[35mCREATE TABLE "ar_internal_metadata" ("key" character varying NOT NULL PRIMARY KEY, "value" character varying, "created_at" timestamp NOT NULL, "updated_at" timestamp NOT NULL)[0m
  ↳ bin/rails:9
  [1m[35m (0.3ms)[0m  [1m[34mSELECT pg_try_advisory_lock(1555902080779534005)[0m
  ↳ bin/rails:9
  [1m[35m (0.3ms)[0m  [1m[34mSELECT "schema_migrations"."version" FROM "schema_migrations" ORDER BY "schema_migrations"."version" ASC[0m
  ↳ bin/rails:9
Migrating to CreateUsers (20210818022811)
  [1m[35m (0.1ms)[0m  [1m[35mBEGIN[0m
  ↳ bin/rails:9
  [1m[35m (8.2ms)[0m  [1m[35mCREATE TABLE "users" ("id" bigserial primary key, "email" character varying NOT NULL, "password_digest" character varying NOT NULL, "session_token" character varying NOT NULL, "created_at" timestamp NOT NULL, "updated_at" timestamp NOT NULL)[0m
  ↳ db/migrate/20210818022811_create_users.rb:3
  [1m[35m (3.4ms)[0m  [1m[35mCREATE UNIQUE INDEX  "index_users_on_email" ON "users"  ("email")[0m
  ↳ db/migrate/20210818022811_create_users.rb:10
  [1m[35m (2.9ms)[0m  [1m[35mCREATE UNIQUE INDEX  "index_users_on_session_token" ON "users"  ("session_token")[0m
  ↳ db/migrate/20210818022811_create_users.rb:11
  [1m[36mActiveRecord::SchemaMigration Create (0.8ms)[0m  [1m[32mINSERT INTO "schema_migrations" ("version") VALUES ($1) RETURNING "version"[0m  [["version", "20210818022811"]]
  ↳ bin/rails:9
  [1m[35m (1.5ms)[0m  [1m[35mCOMMIT[0m
  ↳ bin/rails:9
  [1m[36mActiveRecord::InternalMetadata Load (0.3ms)[0m  [1m[34mSELECT  "ar_internal_metadata".* FROM "ar_internal_metadata" WHERE "ar_internal_metadata"."key" = $1 LIMIT $2[0m  [["key", "environment"], ["LIMIT", 1]]
  ↳ bin/rails:9
  [1m[35m (0.1ms)[0m  [1m[35mBEGIN[0m
  ↳ bin/rails:9
  [1m[36mActiveRecord::InternalMetadata Create (0.5ms)[0m  [1m[32mINSERT INTO "ar_internal_metadata" ("key", "value", "created_at", "updated_at") VALUES ($1, $2, $3, $4) RETURNING "key"[0m  [["key", "environment"], ["value", "development"], ["created_at", "2021-08-18 02:30:12.455039"], ["updated_at", "2021-08-18 02:30:12.455039"]]
  ↳ bin/rails:9
  [1m[35m (1.2ms)[0m  [1m[35mCOMMIT[0m
  ↳ bin/rails:9
  [1m[35m (0.4ms)[0m  [1m[34mSELECT pg_advisory_unlock(1555902080779534005)[0m
  ↳ bin/rails:9
  [1m[35m (0.4ms)[0m  [1m[34mSELECT "schema_migrations"."version" FROM "schema_migrations" ORDER BY "schema_migrations"."version" ASC[0m
  ↳ bin/rails:9
  [1m[35m (0.5ms)[0m  [1m[34mSELECT "schema_migrations"."version" FROM "schema_migrations" ORDER BY "schema_migrations"."version" ASC[0m
  ↳ /home/tkla/.rbenv/versions/2.5.1/bin/annotate:23
Started GET "/session/new" for ::1 at 2021-08-17 20:33:38 -0700
  [1m[35m (0.5ms)[0m  [1m[34mSELECT "schema_migrations"."version" FROM "schema_migrations" ORDER BY "schema_migrations"."version" ASC[0m
  ↳ /home/tkla/.rbenv/versions/2.5.1/lib/ruby/gems/2.5.0/gems/activerecord-5.2.6/lib/active_record/log_subscriber.rb:98

AbstractController::ActionNotFound - The action 'new' could not be found for SessionsController:

Started POST "/__better_errors/e171ff21e12b4884/variables" for ::1 at 2021-08-17 20:33:39 -0700
Started GET "/users/new" for ::1 at 2021-08-17 20:33:41 -0700
Processing by UsersController#new as HTML
Completed 500 Internal Server Error in 21ms (ActiveRecord: 1.8ms)



NoMethodError - undefined method `after_initiate' for #<Class:0x00007f71ac028738>
Did you mean?  after_initialize:
  app/models/user.rb:16:in `<class:User>'
  app/models/user.rb:12:in `<top (required)>'
  app/controllers/users_controller.rb:3:in `new'

Started POST "/__better_errors/1158264bcbb2bad9/variables" for ::1 at 2021-08-17 20:33:41 -0700
Started GET "/users/new" for ::1 at 2021-08-17 20:34:08 -0700
Processing by UsersController#new as HTML
Completed 500 Internal Server Error in 24ms (ActiveRecord: 1.3ms)



NoMethodError - undefined method `after_initiatilize' for #<Class:0x0000564c4a348360>
Did you mean?  after_initialize:
  app/models/user.rb:16:in `<class:User>'
  app/models/user.rb:12:in `<top (required)>'
  app/controllers/users_controller.rb:3:in `new'

Started POST "/__better_errors/f4b67623b85fbca3/variables" for ::1 at 2021-08-17 20:34:08 -0700
Started GET "/users/new" for ::1 at 2021-08-17 20:34:28 -0700
Processing by UsersController#new as HTML
  Rendering users/new.html.erb within layouts/application
  Rendered users/new.html.erb within layouts/application (0.8ms)
Completed 200 OK in 1111ms (Views: 1101.4ms | ActiveRecord: 4.5ms)


Started GET "/users/new" for ::1 at 2021-08-17 20:34:50 -0700
Processing by UsersController#new as HTML
  Rendering users/new.html.erb within layouts/application
  Rendered users/new.html.erb within layouts/application (0.5ms)
Completed 200 OK in 20ms (Views: 11.9ms | ActiveRecord: 2.1ms)


Started GET "/users/new" for ::1 at 2021-08-17 20:35:22 -0700
Processing by UsersController#new as HTML
  Rendering users/new.html.erb within layouts/application
  Rendered users/new.html.erb within layouts/application (0.4ms)
Completed 200 OK in 14ms (Views: 13.2ms | ActiveRecord: 0.0ms)


Started GET "/users/new" for ::1 at 2021-08-17 20:42:41 -0700
Processing by UsersController#new as HTML
  Rendering users/new.html.erb within layouts/application
  Rendered users/new.html.erb within layouts/application (7.2ms)
Completed 200 OK in 67ms (Views: 55.2ms | ActiveRecord: 0.0ms)


Started GET "/users/new" for ::1 at 2021-08-17 20:42:46 -0700
Processing by UsersController#new as HTML
  Rendering users/new.html.erb within layouts/application
  Rendered users/new.html.erb within layouts/application (0.8ms)
Completed 200 OK in 18ms (Views: 17.4ms | ActiveRecord: 0.0ms)


Started GET "/users/new" for ::1 at 2021-08-17 20:42:52 -0700
Processing by UsersController#new as HTML
  Rendering users/new.html.erb within layouts/application
  Rendered users/new.html.erb within layouts/application (0.8ms)
Completed 200 OK in 36ms (Views: 35.5ms | ActiveRecord: 0.0ms)


Started GET "/users/new" for ::1 at 2021-08-17 20:45:27 -0700
  [1m[35m (0.4ms)[0m  [1m[34mSELECT "schema_migrations"."version" FROM "schema_migrations" ORDER BY "schema_migrations"."version" ASC[0m
  ↳ /home/tkla/.rbenv/versions/2.5.1/lib/ruby/gems/2.5.0/gems/activerecord-5.2.6/lib/active_record/log_subscriber.rb:98
Processing by UsersController#new as HTML
  Rendering users/new.html.erb within layouts/application
  Rendered users/new.html.erb within layouts/application (0.7ms)
Completed 200 OK in 148ms (Views: 137.0ms | ActiveRecord: 2.5ms)


Started POST "/users" for ::1 at 2021-08-17 20:45:30 -0700
Processing by UsersController#create as HTML
  Parameters: {"authenticity_token"=>"8EqycomD2y6nRhUj88wNtdpkPQtOIjJ3Hph0n05OQ0pdzxxwfgJ/mOs9WLQeZpzxjWbV2xcBU0yQRHJK7ep3Zg==", "user"=>{"email"=>"123", "password"=>"[FILTERED]"}}
Completed 500 Internal Server Error in 2ms (ActiveRecord: 0.0ms)



NameError - uninitialized constant User::BCrypt:
  app/models/user.rb:35:in `password='
  app/controllers/users_controller.rb:8:in `create'

Started POST "/__better_errors/efa7c5130ab91a56/variables" for ::1 at 2021-08-17 20:45:30 -0700
Started POST "/users" for ::1 at 2021-08-17 20:46:03 -0700
  [1m[35m (0.6ms)[0m  [1m[34mSELECT "schema_migrations"."version" FROM "schema_migrations" ORDER BY "schema_migrations"."version" ASC[0m
  ↳ /home/tkla/.rbenv/versions/2.5.1/lib/ruby/gems/2.5.0/gems/activerecord-5.2.6/lib/active_record/log_subscriber.rb:98
Processing by UsersController#create as HTML
  Parameters: {"authenticity_token"=>"8EqycomD2y6nRhUj88wNtdpkPQtOIjJ3Hph0n05OQ0pdzxxwfgJ/mOs9WLQeZpzxjWbV2xcBU0yQRHJK7ep3Zg==", "user"=>{"email"=>"123", "password"=>"[FILTERED]"}}
Completed 500 Internal Server Error in 13ms (ActiveRecord: 2.7ms)



NameError - uninitialized constant User::BCrypt:
  app/models/user.rb:35:in `password='
  app/controllers/users_controller.rb:8:in `create'

Started POST "/__better_errors/bf9c5094b44fa43d/variables" for ::1 at 2021-08-17 20:46:03 -0700
Started GET "/users/new" for ::1 at 2021-08-17 20:47:56 -0700
  [1m[35m (0.4ms)[0m  [1m[34mSELECT "schema_migrations"."version" FROM "schema_migrations" ORDER BY "schema_migrations"."version" ASC[0m
  ↳ /home/tkla/.rbenv/versions/2.5.1/lib/ruby/gems/2.5.0/gems/activerecord-5.2.6/lib/active_record/log_subscriber.rb:98
Processing by UsersController#new as HTML
  Rendering users/new.html.erb within layouts/application
  Rendered users/new.html.erb within layouts/application (0.8ms)
Completed 200 OK in 135ms (Views: 122.7ms | ActiveRecord: 2.6ms)


Started POST "/users" for ::1 at 2021-08-17 20:47:58 -0700
Processing by UsersController#create as HTML
  Parameters: {"authenticity_token"=>"89DXdpfl6uATqZ+4mxd7nFLixcSiHpaor3z4sxjNOgFeVXl0YGROVl/S0i92verYBeAtFPs995MhoP5mu2kOLQ==", "user"=>{"email"=>"123", "password"=>"[FILTERED]"}}
  [1m[35m (0.2ms)[0m  [1m[35mBEGIN[0m
  ↳ app/controllers/users_controller.rb:9
  [1m[36mUser Exists (1.1ms)[0m  [1m[34mSELECT  1 AS one FROM "users" WHERE "users"."email" = $1 LIMIT $2[0m  [["email", "123"], ["LIMIT", 1]]
  ↳ app/controllers/users_controller.rb:9
  [1m[36mUser Exists (0.3ms)[0m  [1m[34mSELECT  1 AS one FROM "users" WHERE "users"."session_token" = $1 LIMIT $2[0m  [["session_token", "nmetBCy9sQhWMr2xoI4J7A"], ["LIMIT", 1]]
  ↳ app/controllers/users_controller.rb:9
  [1m[36mUser Create (1.0ms)[0m  [1m[32mINSERT INTO "users" ("email", "password_digest", "session_token", "created_at", "updated_at") VALUES ($1, $2, $3, $4, $5) RETURNING "id"[0m  [["email", "123"], ["password_digest", "$2a$12$aAyrQ0VTfa5/t29TMfmageBD6Lzz.z5bM./P6DIld4DL5sA5lOUvq"], ["session_token", "nmetBCy9sQhWMr2xoI4J7A"], ["created_at", "2021-08-18 03:47:58.926105"], ["updated_at", "2021-08-18 03:47:58.926105"]]
  ↳ app/controllers/users_controller.rb:9
  [1m[35m (1.6ms)[0m  [1m[35mCOMMIT[0m
  ↳ app/controllers/users_controller.rb:9
  [1m[35m (0.2ms)[0m  [1m[35mBEGIN[0m
  ↳ app/models/user.rb:26
  [1m[36mUser Exists (0.7ms)[0m  [1m[34mSELECT  1 AS one FROM "users" WHERE "users"."email" = $1 AND "users"."id" != $2 LIMIT $3[0m  [["email", "123"], ["id", 1], ["LIMIT", 1]]
  ↳ app/models/user.rb:26
  [1m[36mUser Exists (0.4ms)[0m  [1m[34mSELECT  1 AS one FROM "users" WHERE "users"."session_token" = $1 AND "users"."id" != $2 LIMIT $3[0m  [["session_token", "v7CG6oR1f2C8UTcE6DD86g"], ["id", 1], ["LIMIT", 1]]
  ↳ app/models/user.rb:26
  [1m[36mUser Update (0.5ms)[0m  [1m[33mUPDATE "users" SET "session_token" = $1, "updated_at" = $2 WHERE "users"."id" = $3[0m  [["session_token", "v7CG6oR1f2C8UTcE6DD86g"], ["updated_at", "2021-08-18 03:47:58.933938"], ["id", 1]]
  ↳ app/models/user.rb:26
  [1m[35m (1.5ms)[0m  [1m[35mCOMMIT[0m
  ↳ app/models/user.rb:26
Redirected to http://localhost:3000/users/1
Completed 302 Found in 220ms (ActiveRecord: 7.4ms)


Started GET "/users/1" for ::1 at 2021-08-17 20:47:58 -0700
Processing by UsersController#show as HTML
  Parameters: {"id"=>"1"}
  Rendering users/show.html.erb within layouts/application
  Rendered users/show.html.erb within layouts/application (0.4ms)
Completed 200 OK in 33ms (Views: 31.9ms | ActiveRecord: 0.0ms)


Started GET "/users/new" for ::1 at 2021-08-17 21:16:42 -0700
  [1m[35m (0.6ms)[0m  [1m[34mSELECT "schema_migrations"."version" FROM "schema_migrations" ORDER BY "schema_migrations"."version" ASC[0m
  ↳ /home/tkla/.rbenv/versions/2.5.1/lib/ruby/gems/2.5.0/gems/activerecord-5.2.6/lib/active_record/log_subscriber.rb:98
Processing by UsersController#new as HTML
  Rendering users/new.html.erb within layouts/application
  Rendered users/new.html.erb within layouts/application (1.0ms)
Completed 200 OK in 158ms (Views: 139.8ms | ActiveRecord: 4.5ms)


Started POST "/users" for ::1 at 2021-08-17 21:16:48 -0700
Processing by UsersController#create as HTML
  Parameters: {"authenticity_token"=>"SLAWXVcnAk2By8fyjrUAguv4cOowUsQ9wYPBCyc3Z0vlNbhfoKam+82wimVjH5HGvPqYOmlxpQZPX8fehJNTZw==", "user"=>{"email"=>"kenny@gmail.com", "password"=>"[FILTERED]"}}
  [1m[35m (0.2ms)[0m  [1m[35mBEGIN[0m
  ↳ app/controllers/users_controller.rb:9
  [1m[36mUser Exists (0.8ms)[0m  [1m[34mSELECT  1 AS one FROM "users" WHERE "users"."email" = $1 LIMIT $2[0m  [["email", "kenny@gmail.com"], ["LIMIT", 1]]
  ↳ app/controllers/users_controller.rb:9
  [1m[36mUser Exists (0.3ms)[0m  [1m[34mSELECT  1 AS one FROM "users" WHERE "users"."session_token" = $1 LIMIT $2[0m  [["session_token", "2hd3udeHadelC_95wA1IgA"], ["LIMIT", 1]]
  ↳ app/controllers/users_controller.rb:9
  [1m[36mUser Create (0.4ms)[0m  [1m[32mINSERT INTO "users" ("email", "password_digest", "session_token", "created_at", "updated_at") VALUES ($1, $2, $3, $4, $5) RETURNING "id"[0m  [["email", "kenny@gmail.com"], ["password_digest", "$2a$12$hsu6QT0LmoZIKtK1ThoHw.s5drDCFIpZpanAVcLvFeWrC6TicIxf2"], ["session_token", "2hd3udeHadelC_95wA1IgA"], ["created_at", "2021-08-18 04:16:49.087378"], ["updated_at", "2021-08-18 04:16:49.087378"]]
  ↳ app/controllers/users_controller.rb:9
  [1m[35m (1.7ms)[0m  [1m[35mCOMMIT[0m
  ↳ app/controllers/users_controller.rb:9
  [1m[35m (0.2ms)[0m  [1m[35mBEGIN[0m
  ↳ app/models/user.rb:26
  [1m[36mUser Exists (0.5ms)[0m  [1m[34mSELECT  1 AS one FROM "users" WHERE "users"."email" = $1 AND "users"."id" != $2 LIMIT $3[0m  [["email", "kenny@gmail.com"], ["id", 2], ["LIMIT", 1]]
  ↳ app/models/user.rb:26
  [1m[36mUser Exists (0.3ms)[0m  [1m[34mSELECT  1 AS one FROM "users" WHERE "users"."session_token" = $1 AND "users"."id" != $2 LIMIT $3[0m  [["session_token", "p3vrTa7WcvTouIkL8IBTLw"], ["id", 2], ["LIMIT", 1]]
  ↳ app/models/user.rb:26
  [1m[36mUser Update (0.8ms)[0m  [1m[33mUPDATE "users" SET "session_token" = $1, "updated_at" = $2 WHERE "users"."id" = $3[0m  [["session_token", "p3vrTa7WcvTouIkL8IBTLw"], ["updated_at", "2021-08-18 04:16:49.094676"], ["id", 2]]
  ↳ app/models/user.rb:26
  [1m[35m (1.8ms)[0m  [1m[35mCOMMIT[0m
  ↳ app/models/user.rb:26
Redirected to http://localhost:3000/users/2
Completed 302 Found in 216ms (ActiveRecord: 7.1ms)


Started GET "/users/2" for ::1 at 2021-08-17 21:16:49 -0700
Processing by UsersController#show as HTML
  Parameters: {"id"=>"2"}
  [1m[36mUser Load (0.3ms)[0m  [1m[34mSELECT  "users".* FROM "users" WHERE "users"."session_token" = $1 LIMIT $2[0m  [["session_token", "p3vrTa7WcvTouIkL8IBTLw"], ["LIMIT", 1]]
  ↳ app/controllers/application_controller.rb:7
Redirected to http://localhost:3000/users/2
Completed 302 Found in 4ms (ActiveRecord: 0.7ms)


Started GET "/users/2" for ::1 at 2021-08-17 21:16:49 -0700
Processing by UsersController#show as HTML
  Parameters: {"id"=>"2"}
  [1m[36mUser Load (0.4ms)[0m  [1m[34mSELECT  "users".* FROM "users" WHERE "users"."session_token" = $1 LIMIT $2[0m  [["session_token", "p3vrTa7WcvTouIkL8IBTLw"], ["LIMIT", 1]]
  ↳ app/controllers/application_controller.rb:7
Redirected to http://localhost:3000/users/2
Completed 302 Found in 2ms (ActiveRecord: 0.4ms)


Started GET "/users/2" for ::1 at 2021-08-17 21:16:49 -0700
Processing by UsersController#show as HTML
  Parameters: {"id"=>"2"}
  [1m[36mUser Load (0.3ms)[0m  [1m[34mSELECT  "users".* FROM "users" WHERE "users"."session_token" = $1 LIMIT $2[0m  [["session_token", "p3vrTa7WcvTouIkL8IBTLw"], ["LIMIT", 1]]
  ↳ app/controllers/application_controller.rb:7
Redirected to http://localhost:3000/users/2
Completed 302 Found in 1ms (ActiveRecord: 0.3ms)


Started GET "/users/2" for ::1 at 2021-08-17 21:16:49 -0700
Processing by UsersController#show as HTML
  Parameters: {"id"=>"2"}
  [1m[36mUser Load (0.3ms)[0m  [1m[34mSELECT  "users".* FROM "users" WHERE "users"."session_token" = $1 LIMIT $2[0m  [["session_token", "p3vrTa7WcvTouIkL8IBTLw"], ["LIMIT", 1]]
  ↳ app/controllers/application_controller.rb:7
Redirected to http://localhost:3000/users/2
Completed 302 Found in 2ms (ActiveRecord: 0.3ms)


Started GET "/users/2" for ::1 at 2021-08-17 21:16:49 -0700
Processing by UsersController#show as HTML
  Parameters: {"id"=>"2"}
  [1m[36mUser Load (0.3ms)[0m  [1m[34mSELECT  "users".* FROM "users" WHERE "users"."session_token" = $1 LIMIT $2[0m  [["session_token", "p3vrTa7WcvTouIkL8IBTLw"], ["LIMIT", 1]]
  ↳ app/controllers/application_controller.rb:7
Redirected to http://localhost:3000/users/2
Completed 302 Found in 2ms (ActiveRecord: 0.3ms)


Started GET "/users/2" for ::1 at 2021-08-17 21:16:49 -0700
Processing by UsersController#show as HTML
  Parameters: {"id"=>"2"}
  [1m[36mUser Load (0.3ms)[0m  [1m[34mSELECT  "users".* FROM "users" WHERE "users"."session_token" = $1 LIMIT $2[0m  [["session_token", "p3vrTa7WcvTouIkL8IBTLw"], ["LIMIT", 1]]
  ↳ app/controllers/application_controller.rb:7
Redirected to http://localhost:3000/users/2
Completed 302 Found in 2ms (ActiveRecord: 0.3ms)


Started GET "/users/2" for ::1 at 2021-08-17 21:16:49 -0700
Processing by UsersController#show as HTML
  Parameters: {"id"=>"2"}
  [1m[36mUser Load (0.3ms)[0m  [1m[34mSELECT  "users".* FROM "users" WHERE "users"."session_token" = $1 LIMIT $2[0m  [["session_token", "p3vrTa7WcvTouIkL8IBTLw"], ["LIMIT", 1]]
  ↳ app/controllers/application_controller.rb:7
Redirected to http://localhost:3000/users/2
Completed 302 Found in 2ms (ActiveRecord: 0.3ms)


Started GET "/users/2" for ::1 at 2021-08-17 21:16:49 -0700
Processing by UsersController#show as HTML
  Parameters: {"id"=>"2"}
  [1m[36mUser Load (0.2ms)[0m  [1m[34mSELECT  "users".* FROM "users" WHERE "users"."session_token" = $1 LIMIT $2[0m  [["session_token", "p3vrTa7WcvTouIkL8IBTLw"], ["LIMIT", 1]]
  ↳ app/controllers/application_controller.rb:7
Redirected to http://localhost:3000/users/2
Completed 302 Found in 1ms (ActiveRecord: 0.2ms)


Started GET "/users/2" for ::1 at 2021-08-17 21:16:49 -0700
Processing by UsersController#show as HTML
  Parameters: {"id"=>"2"}
  [1m[36mUser Load (0.4ms)[0m  [1m[34mSELECT  "users".* FROM "users" WHERE "users"."session_token" = $1 LIMIT $2[0m  [["session_token", "p3vrTa7WcvTouIkL8IBTLw"], ["LIMIT", 1]]
  ↳ app/controllers/application_controller.rb:7
Redirected to http://localhost:3000/users/2
Completed 302 Found in 2ms (ActiveRecord: 0.4ms)


Started GET "/users/2" for ::1 at 2021-08-17 21:16:49 -0700
Processing by UsersController#show as HTML
  Parameters: {"id"=>"2"}
  [1m[36mUser Load (0.4ms)[0m  [1m[34mSELECT  "users".* FROM "users" WHERE "users"."session_token" = $1 LIMIT $2[0m  [["session_token", "p3vrTa7WcvTouIkL8IBTLw"], ["LIMIT", 1]]
  ↳ app/controllers/application_controller.rb:7
Redirected to http://localhost:3000/users/2
Completed 302 Found in 2ms (ActiveRecord: 0.4ms)


Started GET "/users/2" for ::1 at 2021-08-17 21:16:49 -0700
Processing by UsersController#show as HTML
  Parameters: {"id"=>"2"}
  [1m[36mUser Load (0.2ms)[0m  [1m[34mSELECT  "users".* FROM "users" WHERE "users"."session_token" = $1 LIMIT $2[0m  [["session_token", "p3vrTa7WcvTouIkL8IBTLw"], ["LIMIT", 1]]
  ↳ app/controllers/application_controller.rb:7
Redirected to http://localhost:3000/users/2
Completed 302 Found in 2ms (ActiveRecord: 0.2ms)


Started GET "/users/2" for ::1 at 2021-08-17 21:16:49 -0700
Processing by UsersController#show as HTML
  Parameters: {"id"=>"2"}
  [1m[36mUser Load (0.3ms)[0m  [1m[34mSELECT  "users".* FROM "users" WHERE "users"."session_token" = $1 LIMIT $2[0m  [["session_token", "p3vrTa7WcvTouIkL8IBTLw"], ["LIMIT", 1]]
  ↳ app/controllers/application_controller.rb:7
Redirected to http://localhost:3000/users/2
Completed 302 Found in 2ms (ActiveRecord: 0.3ms)


Started GET "/users/2" for ::1 at 2021-08-17 21:16:49 -0700
Processing by UsersController#show as HTML
  Parameters: {"id"=>"2"}
  [1m[36mUser Load (0.4ms)[0m  [1m[34mSELECT  "users".* FROM "users" WHERE "users"."session_token" = $1 LIMIT $2[0m  [["session_token", "p3vrTa7WcvTouIkL8IBTLw"], ["LIMIT", 1]]
  ↳ app/controllers/application_controller.rb:7
Redirected to http://localhost:3000/users/2
Completed 302 Found in 19ms (ActiveRecord: 0.4ms)


Started GET "/users/2" for ::1 at 2021-08-17 21:16:49 -0700
Processing by UsersController#show as HTML
  Parameters: {"id"=>"2"}
  [1m[36mUser Load (0.2ms)[0m  [1m[34mSELECT  "users".* FROM "users" WHERE "users"."session_token" = $1 LIMIT $2[0m  [["session_token", "p3vrTa7WcvTouIkL8IBTLw"], ["LIMIT", 1]]
  ↳ app/controllers/application_controller.rb:7
Redirected to http://localhost:3000/users/2
Completed 302 Found in 2ms (ActiveRecord: 0.2ms)


Started GET "/users/2" for ::1 at 2021-08-17 21:16:49 -0700
Processing by UsersController#show as HTML
  Parameters: {"id"=>"2"}
  [1m[36mUser Load (0.2ms)[0m  [1m[34mSELECT  "users".* FROM "users" WHERE "users"."session_token" = $1 LIMIT $2[0m  [["session_token", "p3vrTa7WcvTouIkL8IBTLw"], ["LIMIT", 1]]
  ↳ app/controllers/application_controller.rb:7
Redirected to http://localhost:3000/users/2
Completed 302 Found in 2ms (ActiveRecord: 0.2ms)


Started GET "/users/2" for ::1 at 2021-08-17 21:16:49 -0700
Processing by UsersController#show as HTML
  Parameters: {"id"=>"2"}
  [1m[36mUser Load (0.2ms)[0m  [1m[34mSELECT  "users".* FROM "users" WHERE "users"."session_token" = $1 LIMIT $2[0m  [["session_token", "p3vrTa7WcvTouIkL8IBTLw"], ["LIMIT", 1]]
  ↳ app/controllers/application_controller.rb:7
Redirected to http://localhost:3000/users/2
Completed 302 Found in 1ms (ActiveRecord: 0.2ms)


Started GET "/users/2" for ::1 at 2021-08-17 21:16:49 -0700
Processing by UsersController#show as HTML
  Parameters: {"id"=>"2"}
  [1m[36mUser Load (0.3ms)[0m  [1m[34mSELECT  "users".* FROM "users" WHERE "users"."session_token" = $1 LIMIT $2[0m  [["session_token", "p3vrTa7WcvTouIkL8IBTLw"], ["LIMIT", 1]]
  ↳ app/controllers/application_controller.rb:7
Redirected to http://localhost:3000/users/2
Completed 302 Found in 2ms (ActiveRecord: 0.3ms)


Started GET "/users/2" for ::1 at 2021-08-17 21:16:49 -0700
Processing by UsersController#show as HTML
  Parameters: {"id"=>"2"}
  [1m[36mUser Load (0.3ms)[0m  [1m[34mSELECT  "users".* FROM "users" WHERE "users"."session_token" = $1 LIMIT $2[0m  [["session_token", "p3vrTa7WcvTouIkL8IBTLw"], ["LIMIT", 1]]
  ↳ app/controllers/application_controller.rb:7
Redirected to http://localhost:3000/users/2
Completed 302 Found in 2ms (ActiveRecord: 0.3ms)


Started GET "/users/2" for ::1 at 2021-08-17 21:16:49 -0700
Processing by UsersController#show as HTML
  Parameters: {"id"=>"2"}
  [1m[36mUser Load (0.3ms)[0m  [1m[34mSELECT  "users".* FROM "users" WHERE "users"."session_token" = $1 LIMIT $2[0m  [["session_token", "p3vrTa7WcvTouIkL8IBTLw"], ["LIMIT", 1]]
  ↳ app/controllers/application_controller.rb:7
Redirected to http://localhost:3000/users/2
Completed 302 Found in 2ms (ActiveRecord: 0.3ms)


Started GET "/users/2" for ::1 at 2021-08-17 21:16:50 -0700
Processing by UsersController#show as HTML
  Parameters: {"id"=>"2"}
  [1m[36mUser Load (0.3ms)[0m  [1m[34mSELECT  "users".* FROM "users" WHERE "users"."session_token" = $1 LIMIT $2[0m  [["session_token", "p3vrTa7WcvTouIkL8IBTLw"], ["LIMIT", 1]]
  ↳ app/controllers/application_controller.rb:7
Redirected to http://localhost:3000/users/2
Completed 302 Found in 2ms (ActiveRecord: 0.3ms)


Started GET "/users/2" for ::1 at 2021-08-17 21:16:50 -0700
Processing by UsersController#show as HTML
  Parameters: {"id"=>"2"}
  [1m[36mUser Load (0.2ms)[0m  [1m[34mSELECT  "users".* FROM "users" WHERE "users"."session_token" = $1 LIMIT $2[0m  [["session_token", "p3vrTa7WcvTouIkL8IBTLw"], ["LIMIT", 1]]
  ↳ app/controllers/application_controller.rb:7
Redirected to http://localhost:3000/users/2
Completed 302 Found in 1ms (ActiveRecord: 0.2ms)


Started GET "/users/2" for ::1 at 2021-08-17 21:16:50 -0700
Processing by UsersController#show as HTML
  Parameters: {"id"=>"2"}
  [1m[36mUser Load (0.3ms)[0m  [1m[34mSELECT  "users".* FROM "users" WHERE "users"."session_token" = $1 LIMIT $2[0m  [["session_token", "p3vrTa7WcvTouIkL8IBTLw"], ["LIMIT", 1]]
  ↳ app/controllers/application_controller.rb:7
Redirected to http://localhost:3000/users/2
Completed 302 Found in 2ms (ActiveRecord: 0.3ms)


Started GET "/users/2" for ::1 at 2021-08-17 21:16:50 -0700
Processing by UsersController#show as HTML
  Parameters: {"id"=>"2"}
  [1m[36mUser Load (0.3ms)[0m  [1m[34mSELECT  "users".* FROM "users" WHERE "users"."session_token" = $1 LIMIT $2[0m  [["session_token", "p3vrTa7WcvTouIkL8IBTLw"], ["LIMIT", 1]]
  ↳ app/controllers/application_controller.rb:7
Redirected to http://localhost:3000/users/2
Completed 302 Found in 2ms (ActiveRecord: 0.3ms)


Started GET "/users/2" for ::1 at 2021-08-17 21:16:50 -0700
Processing by UsersController#show as HTML
  Parameters: {"id"=>"2"}
  [1m[36mUser Load (0.3ms)[0m  [1m[34mSELECT  "users".* FROM "users" WHERE "users"."session_token" = $1 LIMIT $2[0m  [["session_token", "p3vrTa7WcvTouIkL8IBTLw"], ["LIMIT", 1]]
  ↳ app/controllers/application_controller.rb:7
Redirected to http://localhost:3000/users/2
Completed 302 Found in 2ms (ActiveRecord: 0.3ms)


Started GET "/users/2" for ::1 at 2021-08-17 21:16:50 -0700
Processing by UsersController#show as HTML
  Parameters: {"id"=>"2"}
  [1m[36mUser Load (0.2ms)[0m  [1m[34mSELECT  "users".* FROM "users" WHERE "users"."session_token" = $1 LIMIT $2[0m  [["session_token", "p3vrTa7WcvTouIkL8IBTLw"], ["LIMIT", 1]]
  ↳ app/controllers/application_controller.rb:7
Redirected to http://localhost:3000/users/2
Completed 302 Found in 2ms (ActiveRecord: 0.2ms)


Started GET "/users/2" for ::1 at 2021-08-17 21:16:50 -0700
Processing by UsersController#show as HTML
  Parameters: {"id"=>"2"}
  [1m[36mUser Load (0.2ms)[0m  [1m[34mSELECT  "users".* FROM "users" WHERE "users"."session_token" = $1 LIMIT $2[0m  [["session_token", "p3vrTa7WcvTouIkL8IBTLw"], ["LIMIT", 1]]
  ↳ app/controllers/application_controller.rb:7
Redirected to http://localhost:3000/users/2
Completed 302 Found in 2ms (ActiveRecord: 0.2ms)


Started GET "/users/2" for ::1 at 2021-08-17 21:16:50 -0700
Processing by UsersController#show as HTML
  Parameters: {"id"=>"2"}
  [1m[36mUser Load (0.2ms)[0m  [1m[34mSELECT  "users".* FROM "users" WHERE "users"."session_token" = $1 LIMIT $2[0m  [["session_token", "p3vrTa7WcvTouIkL8IBTLw"], ["LIMIT", 1]]
  ↳ app/controllers/application_controller.rb:7
Redirected to http://localhost:3000/users/2
Completed 302 Found in 1ms (ActiveRecord: 0.2ms)


Started GET "/users/2" for ::1 at 2021-08-17 21:16:50 -0700
Processing by UsersController#show as HTML
  Parameters: {"id"=>"2"}
  [1m[36mUser Load (0.2ms)[0m  [1m[34mSELECT  "users".* FROM "users" WHERE "users"."session_token" = $1 LIMIT $2[0m  [["session_token", "p3vrTa7WcvTouIkL8IBTLw"], ["LIMIT", 1]]
  ↳ app/controllers/application_controller.rb:7
Redirected to http://localhost:3000/users/2
Completed 302 Found in 2ms (ActiveRecord: 0.2ms)


Started GET "/users/2" for ::1 at 2021-08-17 21:16:50 -0700
Processing by UsersController#show as HTML
  Parameters: {"id"=>"2"}
  [1m[36mUser Load (0.2ms)[0m  [1m[34mSELECT  "users".* FROM "users" WHERE "users"."session_token" = $1 LIMIT $2[0m  [["session_token", "p3vrTa7WcvTouIkL8IBTLw"], ["LIMIT", 1]]
  ↳ app/controllers/application_controller.rb:7
Redirected to http://localhost:3000/users/2
Completed 302 Found in 2ms (ActiveRecord: 0.2ms)


Started GET "/users/2" for ::1 at 2021-08-17 21:16:50 -0700
Processing by UsersController#show as HTML
  Parameters: {"id"=>"2"}
  [1m[36mUser Load (0.3ms)[0m  [1m[34mSELECT  "users".* FROM "users" WHERE "users"."session_token" = $1 LIMIT $2[0m  [["session_token", "p3vrTa7WcvTouIkL8IBTLw"], ["LIMIT", 1]]
  ↳ app/controllers/application_controller.rb:7
Redirected to http://localhost:3000/users/2
Completed 302 Found in 2ms (ActiveRecord: 0.3ms)


Started GET "/users/2" for ::1 at 2021-08-17 21:16:50 -0700
Processing by UsersController#show as HTML
  Parameters: {"id"=>"2"}
  [1m[36mUser Load (0.2ms)[0m  [1m[34mSELECT  "users".* FROM "users" WHERE "users"."session_token" = $1 LIMIT $2[0m  [["session_token", "p3vrTa7WcvTouIkL8IBTLw"], ["LIMIT", 1]]
  ↳ app/controllers/application_controller.rb:7
Redirected to http://localhost:3000/users/2
Completed 302 Found in 2ms (ActiveRecord: 0.2ms)


Started GET "/users/2" for ::1 at 2021-08-17 21:16:50 -0700
Processing by UsersController#show as HTML
  Parameters: {"id"=>"2"}
  [1m[36mUser Load (0.3ms)[0m  [1m[34mSELECT  "users".* FROM "users" WHERE "users"."session_token" = $1 LIMIT $2[0m  [["session_token", "p3vrTa7WcvTouIkL8IBTLw"], ["LIMIT", 1]]
  ↳ app/controllers/application_controller.rb:7
Redirected to http://localhost:3000/users/2
Completed 302 Found in 2ms (ActiveRecord: 0.3ms)


Started GET "/users/2" for ::1 at 2021-08-17 21:16:50 -0700
Processing by UsersController#show as HTML
  Parameters: {"id"=>"2"}
  [1m[36mUser Load (0.3ms)[0m  [1m[34mSELECT  "users".* FROM "users" WHERE "users"."session_token" = $1 LIMIT $2[0m  [["session_token", "p3vrTa7WcvTouIkL8IBTLw"], ["LIMIT", 1]]
  ↳ app/controllers/application_controller.rb:7
Redirected to http://localhost:3000/users/2
Completed 302 Found in 2ms (ActiveRecord: 0.3ms)


Started GET "/users/2" for ::1 at 2021-08-17 21:16:50 -0700
Processing by UsersController#show as HTML
  Parameters: {"id"=>"2"}
  [1m[36mUser Load (0.3ms)[0m  [1m[34mSELECT  "users".* FROM "users" WHERE "users"."session_token" = $1 LIMIT $2[0m  [["session_token", "p3vrTa7WcvTouIkL8IBTLw"], ["LIMIT", 1]]
  ↳ app/controllers/application_controller.rb:7
Redirected to http://localhost:3000/users/2
Completed 302 Found in 2ms (ActiveRecord: 0.3ms)


Started GET "/users/2" for ::1 at 2021-08-17 21:16:50 -0700
Processing by UsersController#show as HTML
  Parameters: {"id"=>"2"}
  [1m[36mUser Load (0.2ms)[0m  [1m[34mSELECT  "users".* FROM "users" WHERE "users"."session_token" = $1 LIMIT $2[0m  [["session_token", "p3vrTa7WcvTouIkL8IBTLw"], ["LIMIT", 1]]
  ↳ app/controllers/application_controller.rb:7
Redirected to http://localhost:3000/users/2
Completed 302 Found in 1ms (ActiveRecord: 0.2ms)


Started GET "/users/2" for ::1 at 2021-08-17 21:16:50 -0700
Processing by UsersController#show as HTML
  Parameters: {"id"=>"2"}
  [1m[36mUser Load (0.3ms)[0m  [1m[34mSELECT  "users".* FROM "users" WHERE "users"."session_token" = $1 LIMIT $2[0m  [["session_token", "p3vrTa7WcvTouIkL8IBTLw"], ["LIMIT", 1]]
  ↳ app/controllers/application_controller.rb:7
Redirected to http://localhost:3000/users/2
Completed 302 Found in 2ms (ActiveRecord: 0.3ms)


Started GET "/users/2" for ::1 at 2021-08-17 21:16:50 -0700
Processing by UsersController#show as HTML
  Parameters: {"id"=>"2"}
  [1m[36mUser Load (0.2ms)[0m  [1m[34mSELECT  "users".* FROM "users" WHERE "users"."session_token" = $1 LIMIT $2[0m  [["session_token", "p3vrTa7WcvTouIkL8IBTLw"], ["LIMIT", 1]]
  ↳ app/controllers/application_controller.rb:7
Redirected to http://localhost:3000/users/2
Completed 302 Found in 2ms (ActiveRecord: 0.2ms)


Started GET "/users/2" for ::1 at 2021-08-17 21:16:50 -0700
Processing by UsersController#show as HTML
  Parameters: {"id"=>"2"}
  [1m[36mUser Load (0.3ms)[0m  [1m[34mSELECT  "users".* FROM "users" WHERE "users"."session_token" = $1 LIMIT $2[0m  [["session_token", "p3vrTa7WcvTouIkL8IBTLw"], ["LIMIT", 1]]
  ↳ app/controllers/application_controller.rb:7
Redirected to http://localhost:3000/users/2
Completed 302 Found in 2ms (ActiveRecord: 0.3ms)


Started GET "/users/2" for ::1 at 2021-08-17 21:16:50 -0700
Processing by UsersController#show as HTML
  Parameters: {"id"=>"2"}
  [1m[36mUser Load (0.4ms)[0m  [1m[34mSELECT  "users".* FROM "users" WHERE "users"."session_token" = $1 LIMIT $2[0m  [["session_token", "p3vrTa7WcvTouIkL8IBTLw"], ["LIMIT", 1]]
  ↳ app/controllers/application_controller.rb:7
Redirected to http://localhost:3000/users/2
Completed 302 Found in 2ms (ActiveRecord: 0.4ms)


Started GET "/users/2" for ::1 at 2021-08-17 21:16:51 -0700
Processing by UsersController#show as HTML
  Parameters: {"id"=>"2"}
  [1m[36mUser Load (0.2ms)[0m  [1m[34mSELECT  "users".* FROM "users" WHERE "users"."session_token" = $1 LIMIT $2[0m  [["session_token", "p3vrTa7WcvTouIkL8IBTLw"], ["LIMIT", 1]]
  ↳ app/controllers/application_controller.rb:7
Redirected to http://localhost:3000/users/2
Completed 302 Found in 2ms (ActiveRecord: 0.2ms)


Started GET "/users/2" for ::1 at 2021-08-17 21:16:51 -0700
Processing by UsersController#show as HTML
  Parameters: {"id"=>"2"}
  [1m[36mUser Load (0.2ms)[0m  [1m[34mSELECT  "users".* FROM "users" WHERE "users"."session_token" = $1 LIMIT $2[0m  [["session_token", "p3vrTa7WcvTouIkL8IBTLw"], ["LIMIT", 1]]
  ↳ app/controllers/application_controller.rb:7
Redirected to http://localhost:3000/users/2
Completed 302 Found in 2ms (ActiveRecord: 0.2ms)


Started GET "/users/2" for ::1 at 2021-08-17 21:16:51 -0700
Processing by UsersController#show as HTML
  Parameters: {"id"=>"2"}
  [1m[36mUser Load (0.2ms)[0m  [1m[34mSELECT  "users".* FROM "users" WHERE "users"."session_token" = $1 LIMIT $2[0m  [["session_token", "p3vrTa7WcvTouIkL8IBTLw"], ["LIMIT", 1]]
  ↳ app/controllers/application_controller.rb:7
Redirected to http://localhost:3000/users/2
Completed 302 Found in 2ms (ActiveRecord: 0.2ms)


Started GET "/users/2" for ::1 at 2021-08-17 21:16:51 -0700
Processing by UsersController#show as HTML
  Parameters: {"id"=>"2"}
  [1m[36mUser Load (0.3ms)[0m  [1m[34mSELECT  "users".* FROM "users" WHERE "users"."session_token" = $1 LIMIT $2[0m  [["session_token", "p3vrTa7WcvTouIkL8IBTLw"], ["LIMIT", 1]]
  ↳ app/controllers/application_controller.rb:7
Redirected to http://localhost:3000/users/2
Completed 302 Found in 2ms (ActiveRecord: 0.3ms)


Started GET "/users/2" for ::1 at 2021-08-17 21:16:51 -0700
Processing by UsersController#show as HTML
  Parameters: {"id"=>"2"}
  [1m[36mUser Load (0.4ms)[0m  [1m[34mSELECT  "users".* FROM "users" WHERE "users"."session_token" = $1 LIMIT $2[0m  [["session_token", "p3vrTa7WcvTouIkL8IBTLw"], ["LIMIT", 1]]
  ↳ app/controllers/application_controller.rb:7
Redirected to http://localhost:3000/users/2
Completed 302 Found in 2ms (ActiveRecord: 0.4ms)


Started GET "/users/2" for ::1 at 2021-08-17 21:16:51 -0700
Processing by UsersController#show as HTML
  Parameters: {"id"=>"2"}
  [1m[36mUser Load (0.3ms)[0m  [1m[34mSELECT  "users".* FROM "users" WHERE "users"."session_token" = $1 LIMIT $2[0m  [["session_token", "p3vrTa7WcvTouIkL8IBTLw"], ["LIMIT", 1]]
  ↳ app/controllers/application_controller.rb:7
Redirected to http://localhost:3000/users/2
Completed 302 Found in 3ms (ActiveRecord: 0.3ms)


Started GET "/users/2" for ::1 at 2021-08-17 21:16:51 -0700
Processing by UsersController#show as HTML
  Parameters: {"id"=>"2"}
  [1m[36mUser Load (0.3ms)[0m  [1m[34mSELECT  "users".* FROM "users" WHERE "users"."session_token" = $1 LIMIT $2[0m  [["session_token", "p3vrTa7WcvTouIkL8IBTLw"], ["LIMIT", 1]]
  ↳ app/controllers/application_controller.rb:7
Redirected to http://localhost:3000/users/2
Completed 302 Found in 2ms (ActiveRecord: 0.3ms)


Started GET "/users/2" for ::1 at 2021-08-17 21:16:51 -0700
Processing by UsersController#show as HTML
  Parameters: {"id"=>"2"}
  [1m[36mUser Load (0.3ms)[0m  [1m[34mSELECT  "users".* FROM "users" WHERE "users"."session_token" = $1 LIMIT $2[0m  [["session_token", "p3vrTa7WcvTouIkL8IBTLw"], ["LIMIT", 1]]
  ↳ app/controllers/application_controller.rb:7
Redirected to http://localhost:3000/users/2
Completed 302 Found in 2ms (ActiveRecord: 0.3ms)


Started GET "/users/2" for ::1 at 2021-08-17 21:16:51 -0700
Processing by UsersController#show as HTML
  Parameters: {"id"=>"2"}
  [1m[36mUser Load (0.3ms)[0m  [1m[34mSELECT  "users".* FROM "users" WHERE "users"."session_token" = $1 LIMIT $2[0m  [["session_token", "p3vrTa7WcvTouIkL8IBTLw"], ["LIMIT", 1]]
  ↳ app/controllers/application_controller.rb:7
Redirected to http://localhost:3000/users/2
Completed 302 Found in 6ms (ActiveRecord: 0.3ms)


Started GET "/users/2" for ::1 at 2021-08-17 21:16:51 -0700
Processing by UsersController#show as HTML
  Parameters: {"id"=>"2"}
  [1m[36mUser Load (0.3ms)[0m  [1m[34mSELECT  "users".* FROM "users" WHERE "users"."session_token" = $1 LIMIT $2[0m  [["session_token", "p3vrTa7WcvTouIkL8IBTLw"], ["LIMIT", 1]]
  ↳ app/controllers/application_controller.rb:7
Redirected to http://localhost:3000/users/2
Completed 302 Found in 3ms (ActiveRecord: 0.3ms)


Started GET "/users/2" for ::1 at 2021-08-17 21:16:51 -0700
Processing by UsersController#show as HTML
  Parameters: {"id"=>"2"}
  [1m[36mUser Load (0.2ms)[0m  [1m[34mSELECT  "users".* FROM "users" WHERE "users"."session_token" = $1 LIMIT $2[0m  [["session_token", "p3vrTa7WcvTouIkL8IBTLw"], ["LIMIT", 1]]
  ↳ app/controllers/application_controller.rb:7
Redirected to http://localhost:3000/users/2
Completed 302 Found in 2ms (ActiveRecord: 0.2ms)


Started GET "/users/2" for ::1 at 2021-08-17 21:16:51 -0700
Processing by UsersController#show as HTML
  Parameters: {"id"=>"2"}
  [1m[36mUser Load (0.2ms)[0m  [1m[34mSELECT  "users".* FROM "users" WHERE "users"."session_token" = $1 LIMIT $2[0m  [["session_token", "p3vrTa7WcvTouIkL8IBTLw"], ["LIMIT", 1]]
  ↳ app/controllers/application_controller.rb:7
Redirected to http://localhost:3000/users/2
Completed 302 Found in 2ms (ActiveRecord: 0.2ms)


Started GET "/users/2" for ::1 at 2021-08-17 21:16:51 -0700
Processing by UsersController#show as HTML
  Parameters: {"id"=>"2"}
  [1m[36mUser Load (0.5ms)[0m  [1m[34mSELECT  "users".* FROM "users" WHERE "users"."session_token" = $1 LIMIT $2[0m  [["session_token", "p3vrTa7WcvTouIkL8IBTLw"], ["LIMIT", 1]]
  ↳ app/controllers/application_controller.rb:7
Redirected to http://localhost:3000/users/2
Completed 302 Found in 3ms (ActiveRecord: 0.5ms)


Started GET "/users/2" for ::1 at 2021-08-17 21:16:51 -0700
Processing by UsersController#show as HTML
  Parameters: {"id"=>"2"}
  [1m[36mUser Load (0.2ms)[0m  [1m[34mSELECT  "users".* FROM "users" WHERE "users"."session_token" = $1 LIMIT $2[0m  [["session_token", "p3vrTa7WcvTouIkL8IBTLw"], ["LIMIT", 1]]
  ↳ app/controllers/application_controller.rb:7
Redirected to http://localhost:3000/users/2
Completed 302 Found in 2ms (ActiveRecord: 0.2ms)


Started GET "/users/2" for ::1 at 2021-08-17 21:16:51 -0700
Processing by UsersController#show as HTML
  Parameters: {"id"=>"2"}
  [1m[36mUser Load (0.3ms)[0m  [1m[34mSELECT  "users".* FROM "users" WHERE "users"."session_token" = $1 LIMIT $2[0m  [["session_token", "p3vrTa7WcvTouIkL8IBTLw"], ["LIMIT", 1]]
  ↳ app/controllers/application_controller.rb:7
Redirected to http://localhost:3000/users/2
Completed 302 Found in 3ms (ActiveRecord: 0.3ms)


Started GET "/users/2" for ::1 at 2021-08-17 21:16:51 -0700
Processing by UsersController#show as HTML
  Parameters: {"id"=>"2"}
  [1m[36mUser Load (0.3ms)[0m  [1m[34mSELECT  "users".* FROM "users" WHERE "users"."session_token" = $1 LIMIT $2[0m  [["session_token", "p3vrTa7WcvTouIkL8IBTLw"], ["LIMIT", 1]]
  ↳ app/controllers/application_controller.rb:7
Redirected to http://localhost:3000/users/2
Completed 302 Found in 2ms (ActiveRecord: 0.3ms)


Started GET "/users/2" for ::1 at 2021-08-17 21:16:51 -0700
Processing by UsersController#show as HTML
  Parameters: {"id"=>"2"}
  [1m[36mUser Load (0.3ms)[0m  [1m[34mSELECT  "users".* FROM "users" WHERE "users"."session_token" = $1 LIMIT $2[0m  [["session_token", "p3vrTa7WcvTouIkL8IBTLw"], ["LIMIT", 1]]
  ↳ app/controllers/application_controller.rb:7
Redirected to http://localhost:3000/users/2
Completed 302 Found in 2ms (ActiveRecord: 0.3ms)


Started GET "/users/2" for ::1 at 2021-08-17 21:16:51 -0700
Processing by UsersController#show as HTML
  Parameters: {"id"=>"2"}
  [1m[36mUser Load (0.3ms)[0m  [1m[34mSELECT  "users".* FROM "users" WHERE "users"."session_token" = $1 LIMIT $2[0m  [["session_token", "p3vrTa7WcvTouIkL8IBTLw"], ["LIMIT", 1]]
  ↳ app/controllers/application_controller.rb:7
Redirected to http://localhost:3000/users/2
Completed 302 Found in 2ms (ActiveRecord: 0.3ms)


Started GET "/users/2" for ::1 at 2021-08-17 21:16:51 -0700
Processing by UsersController#show as HTML
  Parameters: {"id"=>"2"}
  [1m[36mUser Load (0.3ms)[0m  [1m[34mSELECT  "users".* FROM "users" WHERE "users"."session_token" = $1 LIMIT $2[0m  [["session_token", "p3vrTa7WcvTouIkL8IBTLw"], ["LIMIT", 1]]
  ↳ app/controllers/application_controller.rb:7
Redirected to http://localhost:3000/users/2
Completed 302 Found in 2ms (ActiveRecord: 0.3ms)


Started GET "/users/2" for ::1 at 2021-08-17 21:16:51 -0700
Processing by UsersController#show as HTML
  Parameters: {"id"=>"2"}
  [1m[36mUser Load (0.3ms)[0m  [1m[34mSELECT  "users".* FROM "users" WHERE "users"."session_token" = $1 LIMIT $2[0m  [["session_token", "p3vrTa7WcvTouIkL8IBTLw"], ["LIMIT", 1]]
  ↳ app/controllers/application_controller.rb:7
Redirected to http://localhost:3000/users/2
Completed 302 Found in 3ms (ActiveRecord: 0.3ms)


Started GET "/users/2" for ::1 at 2021-08-17 21:16:56 -0700
Processing by UsersController#show as HTML
  Parameters: {"id"=>"2"}
  [1m[36mUser Load (0.2ms)[0m  [1m[34mSELECT  "users".* FROM "users" WHERE "users"."session_token" = $1 LIMIT $2[0m  [["session_token", "p3vrTa7WcvTouIkL8IBTLw"], ["LIMIT", 1]]
  ↳ app/controllers/application_controller.rb:7
Redirected to http://localhost:3000/users/2
Completed 302 Found in 2ms (ActiveRecord: 0.2ms)


Started GET "/users/2" for ::1 at 2021-08-17 21:16:56 -0700
Processing by UsersController#show as HTML
  Parameters: {"id"=>"2"}
  [1m[36mUser Load (0.2ms)[0m  [1m[34mSELECT  "users".* FROM "users" WHERE "users"."session_token" = $1 LIMIT $2[0m  [["session_token", "p3vrTa7WcvTouIkL8IBTLw"], ["LIMIT", 1]]
  ↳ app/controllers/application_controller.rb:7
Redirected to http://localhost:3000/users/2
Completed 302 Found in 2ms (ActiveRecord: 0.2ms)


Started GET "/users/2" for ::1 at 2021-08-17 21:16:56 -0700
Processing by UsersController#show as HTML
  Parameters: {"id"=>"2"}
  [1m[36mUser Load (0.3ms)[0m  [1m[34mSELECT  "users".* FROM "users" WHERE "users"."session_token" = $1 LIMIT $2[0m  [["session_token", "p3vrTa7WcvTouIkL8IBTLw"], ["LIMIT", 1]]
  ↳ app/controllers/application_controller.rb:7
Redirected to http://localhost:3000/users/2
Completed 302 Found in 2ms (ActiveRecord: 0.3ms)


Started GET "/users/2" for ::1 at 2021-08-17 21:16:56 -0700
Processing by UsersController#show as HTML
  Parameters: {"id"=>"2"}
  [1m[36mUser Load (0.2ms)[0m  [1m[34mSELECT  "users".* FROM "users" WHERE "users"."session_token" = $1 LIMIT $2[0m  [["session_token", "p3vrTa7WcvTouIkL8IBTLw"], ["LIMIT", 1]]
  ↳ app/controllers/application_controller.rb:7
Redirected to http://localhost:3000/users/2
Completed 302 Found in 2ms (ActiveRecord: 0.2ms)


Started GET "/users/2" for ::1 at 2021-08-17 21:16:56 -0700
Processing by UsersController#show as HTML
  Parameters: {"id"=>"2"}
  [1m[36mUser Load (0.6ms)[0m  [1m[34mSELECT  "users".* FROM "users" WHERE "users"."session_token" = $1 LIMIT $2[0m  [["session_token", "p3vrTa7WcvTouIkL8IBTLw"], ["LIMIT", 1]]
  ↳ app/controllers/application_controller.rb:7
Redirected to http://localhost:3000/users/2
Completed 302 Found in 4ms (ActiveRecord: 0.6ms)


Started GET "/users/2" for ::1 at 2021-08-17 21:16:56 -0700
Processing by UsersController#show as HTML
  Parameters: {"id"=>"2"}
  [1m[36mUser Load (0.2ms)[0m  [1m[34mSELECT  "users".* FROM "users" WHERE "users"."session_token" = $1 LIMIT $2[0m  [["session_token", "p3vrTa7WcvTouIkL8IBTLw"], ["LIMIT", 1]]
  ↳ app/controllers/application_controller.rb:7
Redirected to http://localhost:3000/users/2
Completed 302 Found in 2ms (ActiveRecord: 0.2ms)


Started GET "/users/2" for ::1 at 2021-08-17 21:16:56 -0700
Processing by UsersController#show as HTML
  Parameters: {"id"=>"2"}
  [1m[36mUser Load (0.3ms)[0m  [1m[34mSELECT  "users".* FROM "users" WHERE "users"."session_token" = $1 LIMIT $2[0m  [["session_token", "p3vrTa7WcvTouIkL8IBTLw"], ["LIMIT", 1]]
  ↳ app/controllers/application_controller.rb:7
Redirected to http://localhost:3000/users/2
Completed 302 Found in 2ms (ActiveRecord: 0.3ms)


Started GET "/users/2" for ::1 at 2021-08-17 21:16:56 -0700
Processing by UsersController#show as HTML
  Parameters: {"id"=>"2"}
  [1m[36mUser Load (0.3ms)[0m  [1m[34mSELECT  "users".* FROM "users" WHERE "users"."session_token" = $1 LIMIT $2[0m  [["session_token", "p3vrTa7WcvTouIkL8IBTLw"], ["LIMIT", 1]]
  ↳ app/controllers/application_controller.rb:7
Redirected to http://localhost:3000/users/2
Completed 302 Found in 2ms (ActiveRecord: 0.3ms)


Started GET "/users/2" for ::1 at 2021-08-17 21:16:56 -0700
Processing by UsersController#show as HTML
  Parameters: {"id"=>"2"}
  [1m[36mUser Load (0.3ms)[0m  [1m[34mSELECT  "users".* FROM "users" WHERE "users"."session_token" = $1 LIMIT $2[0m  [["session_token", "p3vrTa7WcvTouIkL8IBTLw"], ["LIMIT", 1]]
  ↳ app/controllers/application_controller.rb:7
Redirected to http://localhost:3000/users/2
Completed 302 Found in 1ms (ActiveRecord: 0.3ms)


Started GET "/users/2" for ::1 at 2021-08-17 21:16:56 -0700
Processing by UsersController#show as HTML
  Parameters: {"id"=>"2"}
  [1m[36mUser Load (0.2ms)[0m  [1m[34mSELECT  "users".* FROM "users" WHERE "users"."session_token" = $1 LIMIT $2[0m  [["session_token", "p3vrTa7WcvTouIkL8IBTLw"], ["LIMIT", 1]]
  ↳ app/controllers/application_controller.rb:7
Redirected to http://localhost:3000/users/2
Completed 302 Found in 2ms (ActiveRecord: 0.2ms)


Started GET "/users/2" for ::1 at 2021-08-17 21:16:56 -0700
Processing by UsersController#show as HTML
  Parameters: {"id"=>"2"}
  [1m[36mUser Load (0.3ms)[0m  [1m[34mSELECT  "users".* FROM "users" WHERE "users"."session_token" = $1 LIMIT $2[0m  [["session_token", "p3vrTa7WcvTouIkL8IBTLw"], ["LIMIT", 1]]
  ↳ app/controllers/application_controller.rb:7
Redirected to http://localhost:3000/users/2
Completed 302 Found in 2ms (ActiveRecord: 0.3ms)


Started GET "/users/2" for ::1 at 2021-08-17 21:16:57 -0700
Processing by UsersController#show as HTML
  Parameters: {"id"=>"2"}
  [1m[36mUser Load (0.2ms)[0m  [1m[34mSELECT  "users".* FROM "users" WHERE "users"."session_token" = $1 LIMIT $2[0m  [["session_token", "p3vrTa7WcvTouIkL8IBTLw"], ["LIMIT", 1]]
  ↳ app/controllers/application_controller.rb:7
Redirected to http://localhost:3000/users/2
Completed 302 Found in 2ms (ActiveRecord: 0.2ms)


Started GET "/users/2" for ::1 at 2021-08-17 21:16:57 -0700
Processing by UsersController#show as HTML
  Parameters: {"id"=>"2"}
  [1m[36mUser Load (0.2ms)[0m  [1m[34mSELECT  "users".* FROM "users" WHERE "users"."session_token" = $1 LIMIT $2[0m  [["session_token", "p3vrTa7WcvTouIkL8IBTLw"], ["LIMIT", 1]]
  ↳ app/controllers/application_controller.rb:7
Redirected to http://localhost:3000/users/2
Completed 302 Found in 2ms (ActiveRecord: 0.2ms)


Started GET "/users/2" for ::1 at 2021-08-17 21:16:57 -0700
Processing by UsersController#show as HTML
  Parameters: {"id"=>"2"}
  [1m[36mUser Load (0.3ms)[0m  [1m[34mSELECT  "users".* FROM "users" WHERE "users"."session_token" = $1 LIMIT $2[0m  [["session_token", "p3vrTa7WcvTouIkL8IBTLw"], ["LIMIT", 1]]
  ↳ app/controllers/application_controller.rb:7
Redirected to http://localhost:3000/users/2
Completed 302 Found in 3ms (ActiveRecord: 0.3ms)


Started GET "/users/2" for ::1 at 2021-08-17 21:16:57 -0700
Processing by UsersController#show as HTML
  Parameters: {"id"=>"2"}
  [1m[36mUser Load (0.3ms)[0m  [1m[34mSELECT  "users".* FROM "users" WHERE "users"."session_token" = $1 LIMIT $2[0m  [["session_token", "p3vrTa7WcvTouIkL8IBTLw"], ["LIMIT", 1]]
  ↳ app/controllers/application_controller.rb:7
Redirected to http://localhost:3000/users/2
Completed 302 Found in 2ms (ActiveRecord: 0.3ms)


Started GET "/users/2" for ::1 at 2021-08-17 21:16:57 -0700
Processing by UsersController#show as HTML
  Parameters: {"id"=>"2"}
  [1m[36mUser Load (0.2ms)[0m  [1m[34mSELECT  "users".* FROM "users" WHERE "users"."session_token" = $1 LIMIT $2[0m  [["session_token", "p3vrTa7WcvTouIkL8IBTLw"], ["LIMIT", 1]]
  ↳ app/controllers/application_controller.rb:7
Redirected to http://localhost:3000/users/2
Completed 302 Found in 2ms (ActiveRecord: 0.2ms)


Started GET "/users/2" for ::1 at 2021-08-17 21:16:57 -0700
Processing by UsersController#show as HTML
  Parameters: {"id"=>"2"}
  [1m[36mUser Load (0.3ms)[0m  [1m[34mSELECT  "users".* FROM "users" WHERE "users"."session_token" = $1 LIMIT $2[0m  [["session_token", "p3vrTa7WcvTouIkL8IBTLw"], ["LIMIT", 1]]
  ↳ app/controllers/application_controller.rb:7
Redirected to http://localhost:3000/users/2
Completed 302 Found in 2ms (ActiveRecord: 0.3ms)


Started GET "/users/2" for ::1 at 2021-08-17 21:16:57 -0700
Processing by UsersController#show as HTML
  Parameters: {"id"=>"2"}
  [1m[36mUser Load (0.3ms)[0m  [1m[34mSELECT  "users".* FROM "users" WHERE "users"."session_token" = $1 LIMIT $2[0m  [["session_token", "p3vrTa7WcvTouIkL8IBTLw"], ["LIMIT", 1]]
  ↳ app/controllers/application_controller.rb:7
Redirected to http://localhost:3000/users/2
Completed 302 Found in 2ms (ActiveRecord: 0.3ms)


Started GET "/users/2" for ::1 at 2021-08-17 21:16:57 -0700
Processing by UsersController#show as HTML
  Parameters: {"id"=>"2"}
  [1m[36mUser Load (0.2ms)[0m  [1m[34mSELECT  "users".* FROM "users" WHERE "users"."session_token" = $1 LIMIT $2[0m  [["session_token", "p3vrTa7WcvTouIkL8IBTLw"], ["LIMIT", 1]]
  ↳ app/controllers/application_controller.rb:7
Redirected to http://localhost:3000/users/2
Completed 302 Found in 1ms (ActiveRecord: 0.2ms)


Started GET "/users/2" for ::1 at 2021-08-17 21:16:57 -0700
Processing by UsersController#show as HTML
  Parameters: {"id"=>"2"}
  [1m[36mUser Load (0.2ms)[0m  [1m[34mSELECT  "users".* FROM "users" WHERE "users"."session_token" = $1 LIMIT $2[0m  [["session_token", "p3vrTa7WcvTouIkL8IBTLw"], ["LIMIT", 1]]
  ↳ app/controllers/application_controller.rb:7
Redirected to http://localhost:3000/users/2
Completed 302 Found in 2ms (ActiveRecord: 0.2ms)


Started GET "/users/new" for 127.0.0.1 at 2021-08-17 21:17:48 -0700
  [1m[35m (0.6ms)[0m  [1m[34mSELECT "schema_migrations"."version" FROM "schema_migrations" ORDER BY "schema_migrations"."version" ASC[0m
  ↳ /home/tkla/.rbenv/versions/2.5.1/lib/ruby/gems/2.5.0/gems/activerecord-5.2.6/lib/active_record/log_subscriber.rb:98
Processing by UsersController#new as HTML
  Rendering users/new.html.erb within layouts/application
  Rendered users/new.html.erb within layouts/application (0.8ms)
Completed 200 OK in 126ms (Views: 114.1ms | ActiveRecord: 3.5ms)


Started POST "/users" for 127.0.0.1 at 2021-08-17 21:17:53 -0700
Processing by UsersController#create as HTML
  Parameters: {"authenticity_token"=>"Ycm7FQPiL3Jn6UKnfToqgXvwc0jgjlN0bE36TFMwwmDMTBUX9GOLxCuSDzCQkLvFLPKbmLmtMk/ikfyZ8JT2TA==", "user"=>{"email"=>"kenny@gmail.com", "password"=>"[FILTERED]"}}
  [1m[35m (0.3ms)[0m  [1m[35mBEGIN[0m
  ↳ app/controllers/users_controller.rb:9
  [1m[36mUser Exists (0.7ms)[0m  [1m[34mSELECT  1 AS one FROM "users" WHERE "users"."email" = $1 LIMIT $2[0m  [["email", "kenny@gmail.com"], ["LIMIT", 1]]
  ↳ app/controllers/users_controller.rb:9
  [1m[36mUser Exists (0.5ms)[0m  [1m[34mSELECT  1 AS one FROM "users" WHERE "users"."session_token" = $1 LIMIT $2[0m  [["session_token", "DGagEvgNVEDrdyxiTgE0vg"], ["LIMIT", 1]]
  ↳ app/controllers/users_controller.rb:9
  [1m[35m (0.3ms)[0m  [1m[31mROLLBACK[0m
  ↳ app/controllers/users_controller.rb:9
Redirected to http://localhost:3000/users/new
Completed 302 Found in 223ms (ActiveRecord: 1.8ms)


Started GET "/users/new" for 127.0.0.1 at 2021-08-17 21:17:53 -0700
Processing by UsersController#new as HTML
  Rendering users/new.html.erb within layouts/application
  Rendered users/new.html.erb within layouts/application (0.4ms)
Completed 200 OK in 15ms (Views: 14.7ms | ActiveRecord: 0.0ms)


Started POST "/users" for 127.0.0.1 at 2021-08-17 21:18:09 -0700
Processing by UsersController#create as HTML
  Parameters: {"authenticity_token"=>"bRaVfmJvt1FcSBawNai/dIYxdUb+Oc7YK+WrH1uJGK7Akzt8le4T5xAzWyfYAi4w0TOdlqcar+OlOa3K+C0sgg==", "user"=>{"email"=>"kenny@gmail.com2", "password"=>"[FILTERED]"}}
  [1m[35m (0.3ms)[0m  [1m[35mBEGIN[0m
  ↳ app/controllers/users_controller.rb:9
  [1m[36mUser Exists (0.4ms)[0m  [1m[34mSELECT  1 AS one FROM "users" WHERE "users"."email" = $1 LIMIT $2[0m  [["email", "kenny@gmail.com2"], ["LIMIT", 1]]
  ↳ app/controllers/users_controller.rb:9
  [1m[36mUser Exists (0.3ms)[0m  [1m[34mSELECT  1 AS one FROM "users" WHERE "users"."session_token" = $1 LIMIT $2[0m  [["session_token", "Jc0UUxs_cQkOtD7VZ6h6CQ"], ["LIMIT", 1]]
  ↳ app/controllers/users_controller.rb:9
  [1m[36mUser Create (0.4ms)[0m  [1m[32mINSERT INTO "users" ("email", "password_digest", "session_token", "created_at", "updated_at") VALUES ($1, $2, $3, $4, $5) RETURNING "id"[0m  [["email", "kenny@gmail.com2"], ["password_digest", "$2a$12$OmB/.IK38T0E7J6Blfcy3uMKNJ5z8FsxmScGQejLuBodebhpelav2"], ["session_token", "Jc0UUxs_cQkOtD7VZ6h6CQ"], ["created_at", "2021-08-18 04:18:09.574043"], ["updated_at", "2021-08-18 04:18:09.574043"]]
  ↳ app/controllers/users_controller.rb:9
  [1m[35m (3.7ms)[0m  [1m[35mCOMMIT[0m
  ↳ app/controllers/users_controller.rb:9
  [1m[35m (0.2ms)[0m  [1m[35mBEGIN[0m
  ↳ app/models/user.rb:26
  [1m[36mUser Exists (0.3ms)[0m  [1m[34mSELECT  1 AS one FROM "users" WHERE "users"."email" = $1 AND "users"."id" != $2 LIMIT $3[0m  [["email", "kenny@gmail.com2"], ["id", 3], ["LIMIT", 1]]
  ↳ app/models/user.rb:26
  [1m[36mUser Exists (0.6ms)[0m  [1m[34mSELECT  1 AS one FROM "users" WHERE "users"."session_token" = $1 AND "users"."id" != $2 LIMIT $3[0m  [["session_token", "ercEvdU5tN6iaMh5aLFxpw"], ["id", 3], ["LIMIT", 1]]
  ↳ app/models/user.rb:26
  [1m[36mUser Update (0.5ms)[0m  [1m[33mUPDATE "users" SET "session_token" = $1, "updated_at" = $2 WHERE "users"."id" = $3[0m  [["session_token", "ercEvdU5tN6iaMh5aLFxpw"], ["updated_at", "2021-08-18 04:18:09.583025"], ["id", 3]]
  ↳ app/models/user.rb:26
  [1m[35m (3.6ms)[0m  [1m[35mCOMMIT[0m
  ↳ app/models/user.rb:26
Redirected to http://localhost:3000/users/3
Completed 302 Found in 218ms (ActiveRecord: 10.1ms)


Started GET "/users/3" for 127.0.0.1 at 2021-08-17 21:18:09 -0700
Processing by UsersController#show as HTML
  Parameters: {"id"=>"3"}
  [1m[36mUser Load (0.3ms)[0m  [1m[34mSELECT  "users".* FROM "users" WHERE "users"."session_token" = $1 LIMIT $2[0m  [["session_token", "ercEvdU5tN6iaMh5aLFxpw"], ["LIMIT", 1]]
  ↳ app/controllers/application_controller.rb:7
  Rendering users/show.html.erb within layouts/application
  Rendered users/show.html.erb within layouts/application (418.3ms)
Completed 500 Internal Server Error in 424ms (ActiveRecord: 0.7ms)



NameError - undefined local variable or method `curent_user' for #<#<Class:0x00007ff2a48ef320>:0x0000562af4253620>
Did you mean?  current_user
               @current_user:
  app/views/users/show.html.erb:1:in `_app_views_users_show_html_erb___98282598854769907_47371241801340'
  app/controllers/users_controller.rb:19:in `show'

Started POST "/__better_errors/3c08006a39626792/variables" for 127.0.0.1 at 2021-08-17 21:18:10 -0700
Started GET "/users/3" for 127.0.0.1 at 2021-08-17 21:18:23 -0700
Processing by UsersController#show as HTML
  Parameters: {"id"=>"3"}
  [1m[36mUser Load (0.3ms)[0m  [1m[34mSELECT  "users".* FROM "users" WHERE "users"."session_token" = $1 LIMIT $2[0m  [["session_token", "ercEvdU5tN6iaMh5aLFxpw"], ["LIMIT", 1]]
  ↳ app/controllers/application_controller.rb:7
  Rendering users/show.html.erb within layouts/application
  Rendered users/show.html.erb within layouts/application (0.3ms)
Completed 200 OK in 16ms (Views: 13.8ms | ActiveRecord: 0.3ms)


Started GET "/sessions/new" for 127.0.0.1 at 2021-08-17 21:18:37 -0700
  
ActionController::RoutingError (No route matches [GET] "/sessions/new"):
  
actionpack (5.2.6) lib/action_dispatch/middleware/debug_exceptions.rb:65:in `call'
web-console (3.7.0) lib/web_console/middleware.rb:135:in `call_app'
web-console (3.7.0) lib/web_console/middleware.rb:30:in `block in call'
web-console (3.7.0) lib/web_console/middleware.rb:20:in `catch'
web-console (3.7.0) lib/web_console/middleware.rb:20:in `call'
actionpack (5.2.6) lib/action_dispatch/middleware/show_exceptions.rb:33:in `call'
railties (5.2.6) lib/rails/rack/logger.rb:38:in `call_app'
railties (5.2.6) lib/rails/rack/logger.rb:26:in `block in call'
activesupport (5.2.6) lib/active_support/tagged_logging.rb:71:in `block in tagged'
activesupport (5.2.6) lib/active_support/tagged_logging.rb:28:in `tagged'
activesupport (5.2.6) lib/active_support/tagged_logging.rb:71:in `tagged'
railties (5.2.6) lib/rails/rack/logger.rb:26:in `call'
sprockets-rails (3.2.2) lib/sprockets/rails/quiet_assets.rb:13:in `call'
actionpack (5.2.6) lib/action_dispatch/middleware/remote_ip.rb:81:in `call'
actionpack (5.2.6) lib/action_dispatch/middleware/request_id.rb:27:in `call'
rack (2.2.3) lib/rack/method_override.rb:24:in `call'
rack (2.2.3) lib/rack/runtime.rb:22:in `call'
activesupport (5.2.6) lib/active_support/cache/strategy/local_cache_middleware.rb:29:in `call'
actionpack (5.2.6) lib/action_dispatch/middleware/executor.rb:14:in `call'
actionpack (5.2.6) lib/action_dispatch/middleware/static.rb:127:in `call'
rack (2.2.3) lib/rack/sendfile.rb:110:in `call'
railties (5.2.6) lib/rails/engine.rb:524:in `call'
puma (3.12.6) lib/puma/configuration.rb:227:in `call'
puma (3.12.6) lib/puma/server.rb:706:in `handle_request'
puma (3.12.6) lib/puma/server.rb:476:in `process_client'
puma (3.12.6) lib/puma/server.rb:334:in `block in run'
puma (3.12.6) lib/puma/thread_pool.rb:135:in `block in spawn_thread'
Started GET "/session/new" for 127.0.0.1 at 2021-08-17 21:18:42 -0700

SyntaxError - syntax error, unexpected ':', expecting keyword_end
        render: new 
              ^:
  app/controllers/sessions_controller.rb:5:in `'

Started POST "/__better_errors/ae5cc9427fb1d9eb/variables" for 127.0.0.1 at 2021-08-17 21:18:42 -0700
Started GET "/session/new" for 127.0.0.1 at 2021-08-17 21:18:54 -0700
Processing by SessionsController#new as HTML
  Rendering sessions/new.html.erb within layouts/application
  Rendered sessions/new.html.erb within layouts/application (0.4ms)
Completed 200 OK in 31ms (Views: 19.4ms | ActiveRecord: 2.5ms)


Started POST "/session" for 127.0.0.1 at 2021-08-17 21:19:13 -0700
Processing by SessionsController#create as HTML
  Parameters: {"user"=>{"email"=>"kenny@gmail.com", "password"=>"[FILTERED]"}}
Can't verify CSRF token authenticity.
Completed 422 Unprocessable Entity in 2ms (ActiveRecord: 0.0ms)



ActionController::InvalidAuthenticityToken - ActionController::InvalidAuthenticityToken:

Started POST "/__better_errors/0b024754544f51c0/variables" for 127.0.0.1 at 2021-08-17 21:19:14 -0700
Started GET "/session/new" for 127.0.0.1 at 2021-08-17 21:19:34 -0700
Processing by SessionsController#new as HTML
  Rendering sessions/new.html.erb within layouts/application
  Rendered sessions/new.html.erb within layouts/application (0.4ms)
Completed 200 OK in 13ms (Views: 12.6ms | ActiveRecord: 0.0ms)


Started POST "/session" for 127.0.0.1 at 2021-08-17 21:19:36 -0700
Processing by SessionsController#create as HTML
  Parameters: {"authenticity_token"=>"VY64QZIN27OgUTZNQS55bpj2XCFdBHJKegOq96UZI/r4CxZDZYx/Bewqe9qshOgqz/S08QQnE3H036wiBr0X1g==", "user"=>{"email"=>"kenny@gmail.com", "password"=>"[FILTERED]"}}
  [1m[36mUser Load (0.2ms)[0m  [1m[34mSELECT  "users".* FROM "users" WHERE "users"."email" IS NULL LIMIT $1[0m  [["LIMIT", 1]]
  ↳ app/models/user.rb:44
Redirected to http://localhost:3000/session/new
Completed 302 Found in 2ms (ActiveRecord: 0.2ms)


Started GET "/session/new" for 127.0.0.1 at 2021-08-17 21:19:36 -0700
Processing by SessionsController#new as HTML
  Rendering sessions/new.html.erb within layouts/application
  Rendered sessions/new.html.erb within layouts/application (0.4ms)
Completed 200 OK in 13ms (Views: 12.4ms | ActiveRecord: 0.0ms)


Started POST "/session" for 127.0.0.1 at 2021-08-17 21:19:40 -0700
Processing by SessionsController#create as HTML
  Parameters: {"authenticity_token"=>"1PgrWZ7PKlP1z7WdKOw2hNUfP3B3BCnYRPx8Yl25wZR5fYVbaU6O5bm0+ArFRqfAgh3XoC4nSOPKIHq3/h31uA==", "user"=>{"email"=>"kenny@gmail.com", "password"=>"[FILTERED]"}}
  [1m[36mUser Load (0.4ms)[0m  [1m[34mSELECT  "users".* FROM "users" WHERE "users"."email" IS NULL LIMIT $1[0m  [["LIMIT", 1]]
  ↳ app/models/user.rb:44
Redirected to http://localhost:3000/session/new
Completed 302 Found in 2ms (ActiveRecord: 0.4ms)


Started GET "/session/new" for 127.0.0.1 at 2021-08-17 21:19:40 -0700
Processing by SessionsController#new as HTML
  Rendering sessions/new.html.erb within layouts/application
  Rendered sessions/new.html.erb within layouts/application (0.4ms)
Completed 200 OK in 15ms (Views: 13.8ms | ActiveRecord: 0.0ms)


Started POST "/session" for 127.0.0.1 at 2021-08-17 21:19:49 -0700
Processing by SessionsController#create as HTML
  Parameters: {"authenticity_token"=>"SSJaW1ySFqOTVbf/nnc3Y6afsNfhLWhWMkSNw49HB93kp/RZqxOyFd8u+mhz3aYn8Z1YB7gOCW28mIsWLOMz8Q==", "user"=>{"email"=>"kenny@gmail.com", "password"=>"[FILTERED]"}}
  [1m[36mUser Load (0.3ms)[0m  [1m[34mSELECT  "users".* FROM "users" WHERE "users"."email" IS NULL LIMIT $1[0m  [["LIMIT", 1]]
  ↳ app/models/user.rb:44
Redirected to http://localhost:3000/session/new
Completed 302 Found in 2ms (ActiveRecord: 0.3ms)


Started GET "/session/new" for 127.0.0.1 at 2021-08-17 21:19:49 -0700
Processing by SessionsController#new as HTML
  Rendering sessions/new.html.erb within layouts/application
  Rendered sessions/new.html.erb within layouts/application (0.6ms)
Completed 200 OK in 18ms (Views: 17.5ms | ActiveRecord: 0.0ms)


Started GET "/users/new" for 127.0.0.1 at 2021-08-17 21:19:53 -0700
Processing by UsersController#new as HTML
  Rendering users/new.html.erb within layouts/application
  Rendered users/new.html.erb within layouts/application (0.5ms)
Completed 200 OK in 15ms (Views: 14.1ms | ActiveRecord: 0.0ms)


Started POST "/users" for 127.0.0.1 at 2021-08-17 21:19:58 -0700
Processing by UsersController#create as HTML
  Parameters: {"authenticity_token"=>"O7NPot5V2gUheRRQa3UePqxW3wEhSiDKMBZ1l8AE3c+WNuGgKdR+s20CWceG3496+1Q30XhpQfG+ynNCY6Dp4w==", "user"=>{"email"=>"kenny", "password"=>"[FILTERED]"}}
  [1m[35m (0.3ms)[0m  [1m[35mBEGIN[0m
  ↳ app/controllers/users_controller.rb:9
  [1m[36mUser Exists (0.5ms)[0m  [1m[34mSELECT  1 AS one FROM "users" WHERE "users"."email" = $1 LIMIT $2[0m  [["email", "kenny"], ["LIMIT", 1]]
  ↳ app/controllers/users_controller.rb:9
  [1m[36mUser Exists (0.3ms)[0m  [1m[34mSELECT  1 AS one FROM "users" WHERE "users"."session_token" = $1 LIMIT $2[0m  [["session_token", "A21_Avqh-LeTE1lFllRHmg"], ["LIMIT", 1]]
  ↳ app/controllers/users_controller.rb:9
  [1m[36mUser Create (0.4ms)[0m  [1m[32mINSERT INTO "users" ("email", "password_digest", "session_token", "created_at", "updated_at") VALUES ($1, $2, $3, $4, $5) RETURNING "id"[0m  [["email", "kenny"], ["password_digest", "$2a$12$eVML48guMrkdg4Ygzb6XKuE1KGfXbYOqqD1uroXZSjQKHELLhoOYK"], ["session_token", "A21_Avqh-LeTE1lFllRHmg"], ["created_at", "2021-08-18 04:19:58.605492"], ["updated_at", "2021-08-18 04:19:58.605492"]]
  ↳ app/controllers/users_controller.rb:9
  [1m[35m (3.7ms)[0m  [1m[35mCOMMIT[0m
  ↳ app/controllers/users_controller.rb:9
  [1m[35m (0.3ms)[0m  [1m[35mBEGIN[0m
  ↳ app/models/user.rb:26
  [1m[36mUser Exists (0.4ms)[0m  [1m[34mSELECT  1 AS one FROM "users" WHERE "users"."email" = $1 AND "users"."id" != $2 LIMIT $3[0m  [["email", "kenny"], ["id", 4], ["LIMIT", 1]]
  ↳ app/models/user.rb:26
  [1m[36mUser Exists (0.4ms)[0m  [1m[34mSELECT  1 AS one FROM "users" WHERE "users"."session_token" = $1 AND "users"."id" != $2 LIMIT $3[0m  [["session_token", "cjQZvTzh2G85yzujuO8mVg"], ["id", 4], ["LIMIT", 1]]
  ↳ app/models/user.rb:26
  [1m[36mUser Update (0.4ms)[0m  [1m[33mUPDATE "users" SET "session_token" = $1, "updated_at" = $2 WHERE "users"."id" = $3[0m  [["session_token", "cjQZvTzh2G85yzujuO8mVg"], ["updated_at", "2021-08-18 04:19:58.614160"], ["id", 4]]
  ↳ app/models/user.rb:26
  [1m[35m (3.6ms)[0m  [1m[35mCOMMIT[0m
  ↳ app/models/user.rb:26
Redirected to http://localhost:3000/users/4
Completed 302 Found in 219ms (ActiveRecord: 10.2ms)


Started GET "/users/4" for 127.0.0.1 at 2021-08-17 21:19:58 -0700
Processing by UsersController#show as HTML
  Parameters: {"id"=>"4"}
  [1m[36mUser Load (0.3ms)[0m  [1m[34mSELECT  "users".* FROM "users" WHERE "users"."session_token" = $1 LIMIT $2[0m  [["session_token", "cjQZvTzh2G85yzujuO8mVg"], ["LIMIT", 1]]
  ↳ app/controllers/application_controller.rb:7
  Rendering users/show.html.erb within layouts/application
  Rendered users/show.html.erb within layouts/application (0.4ms)
Completed 200 OK in 16ms (Views: 14.6ms | ActiveRecord: 0.3ms)


Started GET "/sessions/new" for 127.0.0.1 at 2021-08-17 21:20:03 -0700
  
ActionController::RoutingError (No route matches [GET] "/sessions/new"):
  
actionpack (5.2.6) lib/action_dispatch/middleware/debug_exceptions.rb:65:in `call'
web-console (3.7.0) lib/web_console/middleware.rb:135:in `call_app'
web-console (3.7.0) lib/web_console/middleware.rb:30:in `block in call'
web-console (3.7.0) lib/web_console/middleware.rb:20:in `catch'
web-console (3.7.0) lib/web_console/middleware.rb:20:in `call'
actionpack (5.2.6) lib/action_dispatch/middleware/show_exceptions.rb:33:in `call'
railties (5.2.6) lib/rails/rack/logger.rb:38:in `call_app'
railties (5.2.6) lib/rails/rack/logger.rb:26:in `block in call'
activesupport (5.2.6) lib/active_support/tagged_logging.rb:71:in `block in tagged'
activesupport (5.2.6) lib/active_support/tagged_logging.rb:28:in `tagged'
activesupport (5.2.6) lib/active_support/tagged_logging.rb:71:in `tagged'
railties (5.2.6) lib/rails/rack/logger.rb:26:in `call'
sprockets-rails (3.2.2) lib/sprockets/rails/quiet_assets.rb:13:in `call'
actionpack (5.2.6) lib/action_dispatch/middleware/remote_ip.rb:81:in `call'
actionpack (5.2.6) lib/action_dispatch/middleware/request_id.rb:27:in `call'
rack (2.2.3) lib/rack/method_override.rb:24:in `call'
rack (2.2.3) lib/rack/runtime.rb:22:in `call'
activesupport (5.2.6) lib/active_support/cache/strategy/local_cache_middleware.rb:29:in `call'
actionpack (5.2.6) lib/action_dispatch/middleware/executor.rb:14:in `call'
actionpack (5.2.6) lib/action_dispatch/middleware/static.rb:127:in `call'
rack (2.2.3) lib/rack/sendfile.rb:110:in `call'
railties (5.2.6) lib/rails/engine.rb:524:in `call'
puma (3.12.6) lib/puma/configuration.rb:227:in `call'
puma (3.12.6) lib/puma/server.rb:706:in `handle_request'
puma (3.12.6) lib/puma/server.rb:476:in `process_client'
puma (3.12.6) lib/puma/server.rb:334:in `block in run'
puma (3.12.6) lib/puma/thread_pool.rb:135:in `block in spawn_thread'
Started GET "/session/new" for 127.0.0.1 at 2021-08-17 21:20:08 -0700
Processing by SessionsController#new as HTML
  Rendering sessions/new.html.erb within layouts/application
  Rendered sessions/new.html.erb within layouts/application (0.4ms)
Completed 200 OK in 14ms (Views: 13.2ms | ActiveRecord: 0.0ms)


Started POST "/session" for 127.0.0.1 at 2021-08-17 21:20:13 -0700
Processing by SessionsController#create as HTML
  Parameters: {"authenticity_token"=>"/FRf0MPma65Chy4JfW8DlyvtHl2LCAOnbx2b74EGs1tR0fHSNGfPGA78Y56QxZLTfO/2jdIrYpzhwZ06IqKHdw==", "user"=>{"email"=>"kenny", "password"=>"[FILTERED]"}}
  [1m[36mUser Load (0.3ms)[0m  [1m[34mSELECT  "users".* FROM "users" WHERE "users"."email" IS NULL LIMIT $1[0m  [["LIMIT", 1]]
  ↳ app/models/user.rb:44
Redirected to http://localhost:3000/session/new
Completed 302 Found in 2ms (ActiveRecord: 0.3ms)


Started GET "/session/new" for 127.0.0.1 at 2021-08-17 21:20:13 -0700
Processing by SessionsController#new as HTML
  Rendering sessions/new.html.erb within layouts/application
  Rendered sessions/new.html.erb within layouts/application (0.4ms)
Completed 200 OK in 16ms (Views: 15.8ms | ActiveRecord: 0.0ms)


Started POST "/session" for ::1 at 2021-08-17 21:20:34 -0700
Processing by SessionsController#create as HTML
  Parameters: {"authenticity_token"=>"7616cM9MUjvzPOyla/TolF5jwgNLYmfD6SpMwlm+6KpCKNRyOM32jb9HoTKGXnnQCWEq0xJBBvhn9koX+hrchg==", "user"=>{"email"=>"kenny", "password"=>"[FILTERED]"}}
  [1m[36mUser Load (0.2ms)[0m  [1m[34mSELECT  "users".* FROM "users" WHERE "users"."email" IS NULL LIMIT $1[0m  [["LIMIT", 1]]
  ↳ app/models/user.rb:44
Redirected to http://localhost:3000/session/new
Completed 302 Found in 2ms (ActiveRecord: 0.2ms)


Started GET "/session/new" for ::1 at 2021-08-17 21:20:34 -0700
Processing by SessionsController#new as HTML
  Rendering sessions/new.html.erb within layouts/application
  Rendered sessions/new.html.erb within layouts/application (0.5ms)
Completed 200 OK in 13ms (Views: 12.1ms | ActiveRecord: 0.0ms)


Started GET "/users/new" for ::1 at 2021-08-17 21:20:50 -0700
  [1m[35m (0.4ms)[0m  [1m[34mSELECT "schema_migrations"."version" FROM "schema_migrations" ORDER BY "schema_migrations"."version" ASC[0m
  ↳ /home/tkla/.rbenv/versions/2.5.1/lib/ruby/gems/2.5.0/gems/activerecord-5.2.6/lib/active_record/log_subscriber.rb:98
Processing by UsersController#new as HTML
  Rendering users/new.html.erb within layouts/application
  Rendered users/new.html.erb within layouts/application (0.8ms)
Completed 200 OK in 116ms (Views: 104.8ms | ActiveRecord: 2.4ms)


Started POST "/users" for ::1 at 2021-08-17 21:20:54 -0700
Processing by UsersController#create as HTML
  Parameters: {"authenticity_token"=>"uGU+YPFmUbHOH9vccgMpUYlHXWwVFwBwvKc7a17ZMx0V4JBiBuf1B4JklkufqbgV3kW1vEw0YUsyez2+/X0HMQ==", "user"=>{"email"=>"wer", "password"=>"[FILTERED]"}}
  [1m[35m (0.2ms)[0m  [1m[35mBEGIN[0m
  ↳ app/controllers/users_controller.rb:9
  [1m[36mUser Exists (0.6ms)[0m  [1m[34mSELECT  1 AS one FROM "users" WHERE "users"."email" = $1 LIMIT $2[0m  [["email", "wer"], ["LIMIT", 1]]
  ↳ app/controllers/users_controller.rb:9
  [1m[36mUser Exists (0.3ms)[0m  [1m[34mSELECT  1 AS one FROM "users" WHERE "users"."session_token" = $1 LIMIT $2[0m  [["session_token", "2J3lXO2KmD0lhbPBbKTefA"], ["LIMIT", 1]]
  ↳ app/controllers/users_controller.rb:9
  [1m[36mUser Create (0.4ms)[0m  [1m[32mINSERT INTO "users" ("email", "password_digest", "session_token", "created_at", "updated_at") VALUES ($1, $2, $3, $4, $5) RETURNING "id"[0m  [["email", "wer"], ["password_digest", "$2a$12$L1ZdUPEA8i03.VFG5OI9ieqL1pSl68HBf4D5yu8zPfRsyCuuImCxO"], ["session_token", "2J3lXO2KmD0lhbPBbKTefA"], ["created_at", "2021-08-18 04:20:54.640153"], ["updated_at", "2021-08-18 04:20:54.640153"]]
  ↳ app/controllers/users_controller.rb:9
  [1m[35m (3.7ms)[0m  [1m[35mCOMMIT[0m
  ↳ app/controllers/users_controller.rb:9
  [1m[35m (0.1ms)[0m  [1m[35mBEGIN[0m
  ↳ app/models/user.rb:26
  [1m[36mUser Exists (0.3ms)[0m  [1m[34mSELECT  1 AS one FROM "users" WHERE "users"."email" = $1 AND "users"."id" != $2 LIMIT $3[0m  [["email", "wer"], ["id", 5], ["LIMIT", 1]]
  ↳ app/models/user.rb:26
  [1m[36mUser Exists (0.2ms)[0m  [1m[34mSELECT  1 AS one FROM "users" WHERE "users"."session_token" = $1 AND "users"."id" != $2 LIMIT $3[0m  [["session_token", "JNsaLptWuQYh3glFiY4vsw"], ["id", 5], ["LIMIT", 1]]
  ↳ app/models/user.rb:26
  [1m[36mUser Update (0.5ms)[0m  [1m[33mUPDATE "users" SET "session_token" = $1, "updated_at" = $2 WHERE "users"."id" = $3[0m  [["session_token", "JNsaLptWuQYh3glFiY4vsw"], ["updated_at", "2021-08-18 04:20:54.647766"], ["id", 5]]
  ↳ app/models/user.rb:26
  [1m[35m (4.2ms)[0m  [1m[35mCOMMIT[0m
  ↳ app/models/user.rb:26
Redirected to http://localhost:3000/users/5
Completed 302 Found in 215ms (ActiveRecord: 10.6ms)


Started GET "/users/5" for ::1 at 2021-08-17 21:20:54 -0700
Processing by UsersController#show as HTML
  Parameters: {"id"=>"5"}
  [1m[36mUser Load (0.2ms)[0m  [1m[34mSELECT  "users".* FROM "users" WHERE "users"."session_token" = $1 LIMIT $2[0m  [["session_token", "JNsaLptWuQYh3glFiY4vsw"], ["LIMIT", 1]]
  ↳ app/controllers/application_controller.rb:7
  Rendering users/show.html.erb within layouts/application
  Rendered users/show.html.erb within layouts/application (0.8ms)
Completed 200 OK in 17ms (Views: 14.0ms | ActiveRecord: 0.4ms)


Started GET "/session/new" for ::1 at 2021-08-17 21:21:20 -0700
Processing by SessionsController#new as HTML
  Rendering sessions/new.html.erb within layouts/application
  Rendered sessions/new.html.erb within layouts/application (0.4ms)
Completed 200 OK in 29ms (Views: 28.4ms | ActiveRecord: 0.0ms)


Started POST "/session" for ::1 at 2021-08-17 21:21:24 -0700
Processing by SessionsController#create as HTML
  Parameters: {"authenticity_token"=>"87+Kib8jFE1KupcGjcvwI6qPaOAoMqlu1/NZNNn82jZeOiSLSKKw+wbB2pFgYWFn/Y2AMHERyFVZL1/heljuGg==", "user"=>{"email"=>"wer", "password"=>"[FILTERED]"}}
  [1m[36mUser Load (0.2ms)[0m  [1m[34mSELECT  "users".* FROM "users" WHERE "users"."email" IS NULL LIMIT $1[0m  [["LIMIT", 1]]
  ↳ app/models/user.rb:44
Redirected to http://localhost:3000/session/new
Completed 302 Found in 2ms (ActiveRecord: 0.2ms)


Started GET "/session/new" for ::1 at 2021-08-17 21:21:25 -0700
Processing by SessionsController#new as HTML
  Rendering sessions/new.html.erb within layouts/application
  Rendered sessions/new.html.erb within layouts/application (0.4ms)
Completed 200 OK in 14ms (Views: 13.7ms | ActiveRecord: 0.0ms)


Started GET "/session/new" for ::1 at 2021-08-17 21:22:22 -0700
Processing by SessionsController#new as HTML
  Rendering sessions/new.html.erb within layouts/application
  Rendered sessions/new.html.erb within layouts/application (0.4ms)
Completed 200 OK in 33ms (Views: 23.1ms | ActiveRecord: 2.4ms)


Started POST "/session" for ::1 at 2021-08-17 21:22:25 -0700
Processing by SessionsController#create as HTML
  Parameters: {"authenticity_token"=>"s+XTjnHBuR1ewuU0n4H4MJhjjlJgvv+seTU3O9WggIgeYH2MhkAdqxK5qKNyK2l0z2Fmgjmdnpf36THudgS0pA==", "user"=>{"email"=>"wer", "password"=>"[FILTERED]"}}
Unpermitted parameters: :authenticity_token, :user
Unpermitted parameters: :authenticity_token, :user
  [1m[36mUser Load (0.3ms)[0m  [1m[34mSELECT  "users".* FROM "users" WHERE "users"."email" IS NULL LIMIT $1[0m  [["LIMIT", 1]]
  ↳ app/models/user.rb:44
Redirected to http://localhost:3000/session/new
Completed 302 Found in 3ms (ActiveRecord: 0.3ms)


Started GET "/session/new" for ::1 at 2021-08-17 21:22:25 -0700
Processing by SessionsController#new as HTML
  Rendering sessions/new.html.erb within layouts/application
  Rendered sessions/new.html.erb within layouts/application (0.8ms)
Completed 200 OK in 24ms (Views: 23.9ms | ActiveRecord: 0.0ms)


Started GET "/session/new" for ::1 at 2021-08-17 21:22:32 -0700
  [1m[35m (0.4ms)[0m  [1m[34mSELECT "schema_migrations"."version" FROM "schema_migrations" ORDER BY "schema_migrations"."version" ASC[0m
  ↳ /home/tkla/.rbenv/versions/2.5.1/lib/ruby/gems/2.5.0/gems/activerecord-5.2.6/lib/active_record/log_subscriber.rb:98
Processing by SessionsController#new as HTML
  Rendering sessions/new.html.erb within layouts/application
  Rendered sessions/new.html.erb within layouts/application (0.7ms)
Completed 200 OK in 111ms (Views: 100.6ms | ActiveRecord: 2.5ms)


Started POST "/session" for ::1 at 2021-08-17 21:22:35 -0700
Processing by SessionsController#create as HTML
  Parameters: {"authenticity_token"=>"asOAEG49yLy84EYVlXMfHVDJaCV7txDN3OPD0R0Fy8jHRi4SmbxsCvCbC4J42Y5ZB8uA9SKUcfZSP8UEvqH/5A==", "user"=>{"email"=>"wer", "password"=>"[FILTERED]"}}
Unpermitted parameters: :authenticity_token, :user
Unpermitted parameters: :authenticity_token, :user
  [1m[36mUser Load (0.3ms)[0m  [1m[34mSELECT  "users".* FROM "users" WHERE "users"."email" IS NULL LIMIT $1[0m  [["LIMIT", 1]]
  ↳ app/models/user.rb:44
Redirected to http://localhost:3000/session/new
Completed 302 Found in 3ms (ActiveRecord: 0.5ms)


Started GET "/session/new" for ::1 at 2021-08-17 21:22:35 -0700
Processing by SessionsController#new as HTML
  Rendering sessions/new.html.erb within layouts/application
  Rendered sessions/new.html.erb within layouts/application (0.5ms)
Completed 200 OK in 30ms (Views: 29.2ms | ActiveRecord: 0.0ms)


Started GET "/session/new" for ::1 at 2021-08-17 21:24:14 -0700
Processing by SessionsController#new as HTML
  Rendering sessions/new.html.erb within layouts/application
  Rendered sessions/new.html.erb within layouts/application (0.4ms)
Completed 200 OK in 24ms (Views: 15.1ms | ActiveRecord: 2.3ms)


Started POST "/session" for ::1 at 2021-08-17 21:24:16 -0700
Processing by SessionsController#create as HTML
  Parameters: {"authenticity_token"=>"8aW/z5557mxvu0p4HBQ5b04A6kEJcnrQg64BZwR9u/pcIBHNafhK2iPAB+/xvqgrGQICkVBRG+sNcgeyp9mP1g==", "user"=>{"email"=>"wer", "password"=>"[FILTERED]"}}
  [1m[36mUser Load (0.3ms)[0m  [1m[34mSELECT  "users".* FROM "users" WHERE "users"."email" = $1 LIMIT $2[0m  [["email", "wer"], ["LIMIT", 1]]
  ↳ app/models/user.rb:44
Completed 500 Internal Server Error in 16ms (ActiveRecord: 0.3ms)



NoMethodError - undefined method `is_password?' for #<Class:0x00007f1abd90d358>:
  app/models/user.rb:46:in `find_by_credentials'
  app/controllers/sessions_controller.rb:9:in `create'

Started POST "/__better_errors/361eda15784f0871/variables" for ::1 at 2021-08-17 21:24:16 -0700
Started POST "/session" for ::1 at 2021-08-17 21:25:29 -0700
Processing by SessionsController#create as HTML
  Parameters: {"authenticity_token"=>"8aW/z5557mxvu0p4HBQ5b04A6kEJcnrQg64BZwR9u/pcIBHNafhK2iPAB+/xvqgrGQICkVBRG+sNcgeyp9mP1g==", "user"=>{"email"=>"wer", "password"=>"[FILTERED]"}}
  [1m[36mUser Load (0.2ms)[0m  [1m[34mSELECT  "users".* FROM "users" WHERE "users"."email" = $1 LIMIT $2[0m  [["email", "wer"], ["LIMIT", 1]]
  ↳ app/models/user.rb:44
  [1m[35m (0.3ms)[0m  [1m[35mBEGIN[0m
  ↳ app/models/user.rb:26
  [1m[36mUser Exists (0.5ms)[0m  [1m[34mSELECT  1 AS one FROM "users" WHERE "users"."email" = $1 AND "users"."id" != $2 LIMIT $3[0m  [["email", "wer"], ["id", 5], ["LIMIT", 1]]
  ↳ app/models/user.rb:26
  [1m[36mUser Exists (0.3ms)[0m  [1m[34mSELECT  1 AS one FROM "users" WHERE "users"."session_token" = $1 AND "users"."id" != $2 LIMIT $3[0m  [["session_token", "d_JHjaVIbpX8LWKo93WacA"], ["id", 5], ["LIMIT", 1]]
  ↳ app/models/user.rb:26
  [1m[36mUser Update (0.5ms)[0m  [1m[33mUPDATE "users" SET "session_token" = $1, "updated_at" = $2 WHERE "users"."id" = $3[0m  [["session_token", "d_JHjaVIbpX8LWKo93WacA"], ["updated_at", "2021-08-18 04:25:30.050193"], ["id", 5]]
  ↳ app/models/user.rb:26
  [1m[35m (2.7ms)[0m  [1m[35mCOMMIT[0m
  ↳ app/models/user.rb:26
Redirected to http://localhost:3000/users/5
Completed 302 Found in 219ms (ActiveRecord: 6.9ms)


Started GET "/users/5" for ::1 at 2021-08-17 21:25:30 -0700
Processing by UsersController#show as HTML
  Parameters: {"id"=>"5"}
  [1m[36mUser Load (0.3ms)[0m  [1m[34mSELECT  "users".* FROM "users" WHERE "users"."session_token" = $1 LIMIT $2[0m  [["session_token", "d_JHjaVIbpX8LWKo93WacA"], ["LIMIT", 1]]
  ↳ app/controllers/application_controller.rb:7
  Rendering users/show.html.erb within layouts/application
  Rendered users/show.html.erb within layouts/application (0.3ms)
Completed 200 OK in 14ms (Views: 12.3ms | ActiveRecord: 0.3ms)


Started GET "/users/5" for ::1 at 2021-08-17 21:31:27 -0700
  [1m[35m (0.4ms)[0m  [1m[34mSELECT "schema_migrations"."version" FROM "schema_migrations" ORDER BY "schema_migrations"."version" ASC[0m
  ↳ /home/tkla/.rbenv/versions/2.5.1/lib/ruby/gems/2.5.0/gems/activerecord-5.2.6/lib/active_record/log_subscriber.rb:98
Processing by UsersController#show as HTML
  Parameters: {"id"=>"5"}
  [1m[36mUser Load (0.3ms)[0m  [1m[34mSELECT  "users".* FROM "users" WHERE "users"."session_token" = $1 LIMIT $2[0m  [["session_token", "d_JHjaVIbpX8LWKo93WacA"], ["LIMIT", 1]]
  ↳ app/controllers/application_controller.rb:7
  Rendering users/show.html.erb within layouts/application
  Rendered users/show.html.erb within layouts/application (1.0ms)
Completed 200 OK in 119ms (Views: 104.4ms | ActiveRecord: 3.1ms)


Started DELETE "/session" for ::1 at 2021-08-17 21:31:28 -0700
Processing by SessionsController#destroy as HTML
  Parameters: {"authenticity_token"=>"9MLTvAEZqkSLJCu+u+Z7QYdzMIVTeUq+LS+pohdpEFtZR32+9pgO8sdfZilWTOoF0HHYVQpaK4Wj8693tM0kdw=="}
Redirected to http://localhost:3000/session/new
Completed 302 Found in 1ms (ActiveRecord: 0.0ms)


Started GET "/session/new" for ::1 at 2021-08-17 21:31:28 -0700
Processing by SessionsController#new as HTML
  Rendering sessions/new.html.erb within layouts/application
  Rendered sessions/new.html.erb within layouts/application (0.4ms)
Completed 200 OK in 12ms (Views: 11.7ms | ActiveRecord: 0.0ms)


Started POST "/session" for ::1 at 2021-08-17 21:31:33 -0700
Processing by SessionsController#create as HTML
  Parameters: {"authenticity_token"=>"Zvfc1C5ADpgQJu0Y9mrQqU35ufzd9758ZBWEkxD5V6vLcnLW2cGqLlxdoI8bwEHtGvtRLITU30fqyYJGs11jhw==", "user"=>{"email"=>"wer", "password"=>"[FILTERED]"}}
  [1m[36mUser Load (0.3ms)[0m  [1m[34mSELECT  "users".* FROM "users" WHERE "users"."email" = $1 LIMIT $2[0m  [["email", "wer"], ["LIMIT", 1]]
  ↳ app/models/user.rb:44
  [1m[35m (0.2ms)[0m  [1m[35mBEGIN[0m
  ↳ app/models/user.rb:26
  [1m[36mUser Exists (0.7ms)[0m  [1m[34mSELECT  1 AS one FROM "users" WHERE "users"."email" = $1 AND "users"."id" != $2 LIMIT $3[0m  [["email", "wer"], ["id", 5], ["LIMIT", 1]]
  ↳ app/models/user.rb:26
  [1m[36mUser Exists (0.7ms)[0m  [1m[34mSELECT  1 AS one FROM "users" WHERE "users"."session_token" = $1 AND "users"."id" != $2 LIMIT $3[0m  [["session_token", "wNGE7w76yGNR0YHOhBBgfQ"], ["id", 5], ["LIMIT", 1]]
  ↳ app/models/user.rb:26
  [1m[36mUser Update (0.5ms)[0m  [1m[33mUPDATE "users" SET "session_token" = $1, "updated_at" = $2 WHERE "users"."id" = $3[0m  [["session_token", "wNGE7w76yGNR0YHOhBBgfQ"], ["updated_at", "2021-08-18 04:31:33.263505"], ["id", 5]]
  ↳ app/models/user.rb:26
  [1m[35m (3.7ms)[0m  [1m[35mCOMMIT[0m
  ↳ app/models/user.rb:26
Redirected to http://localhost:3000/users/5
Completed 302 Found in 211ms (ActiveRecord: 6.0ms)


Started GET "/users/5" for ::1 at 2021-08-17 21:31:33 -0700
Processing by UsersController#show as HTML
  Parameters: {"id"=>"5"}
  [1m[36mUser Load (0.3ms)[0m  [1m[34mSELECT  "users".* FROM "users" WHERE "users"."session_token" = $1 LIMIT $2[0m  [["session_token", "wNGE7w76yGNR0YHOhBBgfQ"], ["LIMIT", 1]]
  ↳ app/controllers/application_controller.rb:7
  Rendering users/show.html.erb within layouts/application
  Rendered users/show.html.erb within layouts/application (0.6ms)
Completed 200 OK in 38ms (Views: 36.3ms | ActiveRecord: 0.3ms)


Started DELETE "/session" for ::1 at 2021-08-17 21:31:34 -0700
Processing by SessionsController#destroy as HTML
  Parameters: {"authenticity_token"=>"HEMz9oFGSXLaHVjeK01zQ/L8tie5SHAYkgKOLyv0DDexxp30dsftxJZmFUnG5+IHpf5e9+BrESMc3oj6iFA4Gw=="}
Redirected to http://localhost:3000/session/new
Completed 302 Found in 1ms (ActiveRecord: 0.0ms)


Started GET "/session/new" for ::1 at 2021-08-17 21:31:34 -0700
Processing by SessionsController#new as HTML
  Rendering sessions/new.html.erb within layouts/application
  Rendered sessions/new.html.erb within layouts/application (0.7ms)
Completed 200 OK in 14ms (Views: 12.9ms | ActiveRecord: 0.0ms)


Started POST "/session" for ::1 at 2021-08-17 21:31:38 -0700
Processing by SessionsController#create as HTML
  Parameters: {"authenticity_token"=>"akKSd3vdBhMgruQ3vO4unFHvERn9FpwREJGsfx1CmsLHxzx1jFyipWzVqaBRRL/YBu35yaQ1/SqeTaqqvuau7g==", "user"=>{"email"=>"wer", "password"=>"[FILTERED]"}}
  [1m[36mUser Load (0.4ms)[0m  [1m[34mSELECT  "users".* FROM "users" WHERE "users"."email" = $1 LIMIT $2[0m  [["email", "wer"], ["LIMIT", 1]]
  ↳ app/models/user.rb:44
Redirected to http://localhost:3000/session/new
Completed 302 Found in 204ms (ActiveRecord: 0.4ms)


Started GET "/session/new" for ::1 at 2021-08-17 21:31:38 -0700
Processing by SessionsController#new as HTML
  Rendering sessions/new.html.erb within layouts/application
  Rendered sessions/new.html.erb within layouts/application (0.6ms)
Completed 200 OK in 17ms (Views: 16.1ms | ActiveRecord: 0.0ms)


Started POST "/session" for ::1 at 2021-08-17 21:31:40 -0700
Processing by SessionsController#create as HTML
  Parameters: {"authenticity_token"=>"RCH8kWH54NcNikHNN+EoSesWADjq6O0vBL8ZbxZjXQ7ppFKTlnhEYUHxDFraS7kNvBTo6LPLjBSKYx+6tcdpIg==", "user"=>{"email"=>"wer", "password"=>"[FILTERED]"}}
  [1m[36mUser Load (0.4ms)[0m  [1m[34mSELECT  "users".* FROM "users" WHERE "users"."email" = $1 LIMIT $2[0m  [["email", "wer"], ["LIMIT", 1]]
  ↳ app/models/user.rb:44
  [1m[35m (0.2ms)[0m  [1m[35mBEGIN[0m
  ↳ app/models/user.rb:26
  [1m[36mUser Exists (0.5ms)[0m  [1m[34mSELECT  1 AS one FROM "users" WHERE "users"."email" = $1 AND "users"."id" != $2 LIMIT $3[0m  [["email", "wer"], ["id", 5], ["LIMIT", 1]]
  ↳ app/models/user.rb:26
  [1m[36mUser Exists (0.4ms)[0m  [1m[34mSELECT  1 AS one FROM "users" WHERE "users"."session_token" = $1 AND "users"."id" != $2 LIMIT $3[0m  [["session_token", "RzIOIR52HRpq55UEyfBgcQ"], ["id", 5], ["LIMIT", 1]]
  ↳ app/models/user.rb:26
  [1m[36mUser Update (0.4ms)[0m  [1m[33mUPDATE "users" SET "session_token" = $1, "updated_at" = $2 WHERE "users"."id" = $3[0m  [["session_token", "RzIOIR52HRpq55UEyfBgcQ"], ["updated_at", "2021-08-18 04:31:41.111382"], ["id", 5]]
  ↳ app/models/user.rb:26
  [1m[35m (3.7ms)[0m  [1m[35mCOMMIT[0m
  ↳ app/models/user.rb:26
Redirected to http://localhost:3000/users/5
Completed 302 Found in 218ms (ActiveRecord: 5.5ms)


Started GET "/users/5" for ::1 at 2021-08-17 21:31:41 -0700
Processing by UsersController#show as HTML
  Parameters: {"id"=>"5"}
  [1m[36mUser Load (0.3ms)[0m  [1m[34mSELECT  "users".* FROM "users" WHERE "users"."session_token" = $1 LIMIT $2[0m  [["session_token", "RzIOIR52HRpq55UEyfBgcQ"], ["LIMIT", 1]]
  ↳ app/controllers/application_controller.rb:7
  Rendering users/show.html.erb within layouts/application
  Rendered users/show.html.erb within layouts/application (0.4ms)
Completed 200 OK in 25ms (Views: 24.1ms | ActiveRecord: 0.3ms)


Started DELETE "/session" for ::1 at 2021-08-17 21:31:42 -0700
Processing by SessionsController#destroy as HTML
  Parameters: {"authenticity_token"=>"ipc7o3TNMe6di1F6ypXvjIZ9xCx/H5B2hzQ6xcC9YaMnEpWhg0yVWNHwHO0nP37I0X8s/CY88U0J6DwQYxlVjw=="}
Redirected to http://localhost:3000/session/new
Completed 302 Found in 1ms (ActiveRecord: 0.0ms)


Started GET "/session/new" for ::1 at 2021-08-17 21:31:42 -0700
Processing by SessionsController#new as HTML
  Rendering sessions/new.html.erb within layouts/application
  Rendered sessions/new.html.erb within layouts/application (0.4ms)
Completed 200 OK in 21ms (Views: 20.0ms | ActiveRecord: 0.0ms)


